{"/Users/yanjixiong/workspace/gaoqi-blog/common/redis.js":{"path":"/Users/yanjixiong/workspace/gaoqi-blog/common/redis.js","statementMap":{"0":{"start":{"line":6,"column":13},"end":{"line":6,"column":33}},"1":{"start":{"line":7,"column":12},"end":{"line":7,"column":30}},"2":{"start":{"line":9,"column":13},"end":{"line":13,"column":2}},"3":{"start":{"line":15,"column":0},"end":{"line":20,"column":2}},"4":{"start":{"line":16,"column":4},"end":{"line":19,"column":5}},"5":{"start":{"line":17,"column":8},"end":{"line":17,"column":78}},"6":{"start":{"line":18,"column":8},"end":{"line":18,"column":24}},"7":{"start":{"line":22,"column":0},"end":{"line":22,"column":34}}},"fnMap":{"0":{"name":"(anonymous_0)","decl":{"start":{"line":15,"column":19},"end":{"line":15,"column":20}},"loc":{"start":{"line":15,"column":34},"end":{"line":20,"column":1}},"line":15}},"branchMap":{"0":{"loc":{"start":{"line":16,"column":4},"end":{"line":19,"column":5}},"type":"if","locations":[{"start":{"line":16,"column":4},"end":{"line":19,"column":5}},{"start":{"line":16,"column":4},"end":{"line":19,"column":5}}],"line":16}},"s":{"0":1,"1":1,"2":1,"3":1,"4":0,"5":0,"6":0,"7":1},"f":{"0":0},"b":{"0":[0,0]},"_coverageSchema":"43e27e138ebf9cfc5966b082cf9a028302ed4184","hash":"a51102811c537fb59b8d53b6371f6c639d678a01","contentHash":"3644ef445185df00bf729e670a16dbb4313a0c5886c5e622d97da3f98512eb57"},"/Users/yanjixiong/workspace/gaoqi-blog/config/index.js":{"path":"/Users/yanjixiong/workspace/gaoqi-blog/config/index.js","statementMap":{"0":{"start":{"line":7,"column":10},"end":{"line":7,"column":78}},"1":{"start":{"line":9,"column":0},"end":{"line":9,"column":35}},"2":{"start":{"line":11,"column":0},"end":{"line":11,"column":41}}},"fnMap":{},"branchMap":{"0":{"loc":{"start":{"line":7,"column":10},"end":{"line":7,"column":78}},"type":"cond-expr","locations":[{"start":{"line":7,"column":50},"end":{"line":7,"column":62}},{"start":{"line":7,"column":65},"end":{"line":7,"column":78}}],"line":7}},"s":{"0":1,"1":1,"2":1},"f":{},"b":{"0":[0,1]},"_coverageSchema":"43e27e138ebf9cfc5966b082cf9a028302ed4184","hash":"9a3c02837fd4a2dc9b3fa6b88ade639ee54d335e","contentHash":"7fd0d0f5253a68d2b51bab750341018e287d14077646204e4ac096ccb10ae2ee"},"/Users/yanjixiong/workspace/gaoqi-blog/config/env/development.js":{"path":"/Users/yanjixiong/workspace/gaoqi-blog/config/env/development.js","statementMap":{"0":{"start":{"line":7,"column":11},"end":{"line":7,"column":26}},"1":{"start":{"line":9,"column":0},"end":{"line":149,"column":2}},"2":{"start":{"line":14,"column":4},"end":{"line":14,"column":23}}},"fnMap":{"0":{"name":"(anonymous_0)","decl":{"start":{"line":13,"column":2},"end":{"line":13,"column":3}},"loc":{"start":{"line":13,"column":20},"end":{"line":15,"column":3}},"line":13}},"branchMap":{},"s":{"0":1,"1":1,"2":19},"f":{"0":19},"b":{},"_coverageSchema":"43e27e138ebf9cfc5966b082cf9a028302ed4184","hash":"af84f8aad593ca3d953bc61d19f4d847b866983b","contentHash":"2d411b18b995e3cc2eb2fa0b109b7f19c73e25df30b82d417d8ab8d778d2479f"},"/Users/yanjixiong/workspace/gaoqi-blog/common/at.js":{"path":"/Users/yanjixiong/workspace/gaoqi-blog/common/at.js","statementMap":{"0":{"start":{"line":4,"column":14},"end":{"line":4,"column":33}},"1":{"start":{"line":5,"column":17},"end":{"line":5,"column":39}},"2":{"start":{"line":6,"column":17},"end":{"line":6,"column":37}},"3":{"start":{"line":7,"column":17},"end":{"line":7,"column":34}},"4":{"start":{"line":8,"column":13},"end":{"line":8,"column":44}},"5":{"start":{"line":9,"column":11},"end":{"line":9,"column":28}},"6":{"start":{"line":16,"column":17},"end":{"line":42,"column":1}},"7":{"start":{"line":17,"column":21},"end":{"line":24,"column":3}},"8":{"start":{"line":26,"column":2},"end":{"line":28,"column":5}},"9":{"start":{"line":27,"column":4},"end":{"line":27,"column":42}},"10":{"start":{"line":30,"column":16},"end":{"line":30,"column":48}},"11":{"start":{"line":31,"column":14},"end":{"line":31,"column":16}},"12":{"start":{"line":32,"column":2},"end":{"line":39,"column":3}},"13":{"start":{"line":33,"column":4},"end":{"line":38,"column":5}},"14":{"start":{"line":33,"column":17},"end":{"line":33,"column":18}},"15":{"start":{"line":33,"column":24},"end":{"line":33,"column":38}},"16":{"start":{"line":34,"column":14},"end":{"line":34,"column":24}},"17":{"start":{"line":36,"column":6},"end":{"line":36,"column":21}},"18":{"start":{"line":37,"column":6},"end":{"line":37,"column":20}},"19":{"start":{"line":40,"column":2},"end":{"line":40,"column":24}},"20":{"start":{"line":41,"column":2},"end":{"line":41,"column":15}},"21":{"start":{"line":43,"column":0},"end":{"line":43,"column":32}},"22":{"start":{"line":56,"column":0},"end":{"line":75,"column":2}},"23":{"start":{"line":57,"column":2},"end":{"line":74,"column":6}},"24":{"start":{"line":60,"column":6},"end":{"line":62,"column":9}},"25":{"start":{"line":61,"column":8},"end":{"line":61,"column":42}},"26":{"start":{"line":63,"column":6},"end":{"line":73,"column":10}},"27":{"start":{"line":65,"column":10},"end":{"line":65,"column":70}},"28":{"start":{"line":66,"column":10},"end":{"line":72,"column":15}},"29":{"start":{"line":69,"column":14},"end":{"line":71,"column":15}},"30":{"start":{"line":70,"column":16},"end":{"line":70,"column":109}},"31":{"start":{"line":84,"column":0},"end":{"line":91,"column":2}},"32":{"start":{"line":85,"column":16},"end":{"line":85,"column":32}},"33":{"start":{"line":86,"column":4},"end":{"line":89,"column":5}},"34":{"start":{"line":86,"column":17},"end":{"line":86,"column":18}},"35":{"start":{"line":86,"column":24},"end":{"line":86,"column":36}},"36":{"start":{"line":87,"column":17},"end":{"line":87,"column":25}},"37":{"start":{"line":88,"column":6},"end":{"line":88,"column":106}},"38":{"start":{"line":90,"column":4},"end":{"line":90,"column":16}}},"fnMap":{"0":{"name":"(anonymous_0)","decl":{"start":{"line":16,"column":17},"end":{"line":16,"column":18}},"loc":{"start":{"line":16,"column":33},"end":{"line":42,"column":1}},"line":16},"1":{"name":"(anonymous_1)","decl":{"start":{"line":26,"column":23},"end":{"line":26,"column":24}},"loc":{"start":{"line":26,"column":47},"end":{"line":28,"column":3}},"line":26},"2":{"name":"(anonymous_2)","decl":{"start":{"line":56,"column":36},"end":{"line":56,"column":37}},"loc":{"start":{"line":56,"column":100},"end":{"line":75,"column":1}},"line":56},"3":{"name":"(anonymous_3)","decl":{"start":{"line":59,"column":10},"end":{"line":59,"column":11}},"loc":{"start":{"line":59,"column":26},"end":{"line":74,"column":5}},"line":59},"4":{"name":"(anonymous_4)","decl":{"start":{"line":60,"column":27},"end":{"line":60,"column":28}},"loc":{"start":{"line":60,"column":43},"end":{"line":62,"column":7}},"line":60},"5":{"name":"(anonymous_5)","decl":{"start":{"line":64,"column":20},"end":{"line":64,"column":21}},"loc":{"start":{"line":64,"column":35},"end":{"line":73,"column":9}},"line":64},"6":{"name":"(anonymous_6)","decl":{"start":{"line":68,"column":18},"end":{"line":68,"column":19}},"loc":{"start":{"line":68,"column":33},"end":{"line":72,"column":13}},"line":68},"7":{"name":"(anonymous_7)","decl":{"start":{"line":84,"column":20},"end":{"line":84,"column":21}},"loc":{"start":{"line":84,"column":36},"end":{"line":91,"column":1}},"line":84}},"branchMap":{"0":{"loc":{"start":{"line":32,"column":2},"end":{"line":39,"column":3}},"type":"if","locations":[{"start":{"line":32,"column":2},"end":{"line":39,"column":3}},{"start":{"line":32,"column":2},"end":{"line":39,"column":3}}],"line":32},"1":{"loc":{"start":{"line":69,"column":14},"end":{"line":71,"column":15}},"type":"if","locations":[{"start":{"line":69,"column":14},"end":{"line":71,"column":15}},{"start":{"line":69,"column":14},"end":{"line":71,"column":15}}],"line":69}},"s":{"0":1,"1":1,"2":1,"3":1,"4":1,"5":1,"6":1,"7":2,"8":2,"9":12,"10":2,"11":2,"12":2,"13":2,"14":2,"15":2,"16":4,"17":4,"18":4,"19":2,"20":2,"21":1,"22":1,"23":0,"24":0,"25":0,"26":0,"27":0,"28":0,"29":0,"30":0,"31":1,"32":1,"33":1,"34":1,"35":1,"36":2,"37":2,"38":1},"f":{"0":2,"1":12,"2":0,"3":0,"4":0,"5":0,"6":0,"7":1},"b":{"0":[2,0],"1":[0,0]},"_coverageSchema":"43e27e138ebf9cfc5966b082cf9a028302ed4184","hash":"c41ae35dbf2f4eb79fa26489564833b9bf9e6991","contentHash":"50a84609c4ffb5113f9f03531407d250e49a268b0d0e89b9cb4e0707044c8cea"},"/Users/yanjixiong/workspace/gaoqi-blog/dao/index.js":{"path":"/Users/yanjixiong/workspace/gaoqi-blog/dao/index.js","statementMap":{"0":{"start":{"line":1,"column":0},"end":{"line":1,"column":33}},"1":{"start":{"line":2,"column":0},"end":{"line":2,"column":46}},"2":{"start":{"line":3,"column":0},"end":{"line":3,"column":33}},"3":{"start":{"line":4,"column":0},"end":{"line":4,"column":54}},"4":{"start":{"line":5,"column":0},"end":{"line":5,"column":31}},"5":{"start":{"line":6,"column":0},"end":{"line":6,"column":39}},"6":{"start":{"line":7,"column":0},"end":{"line":7,"column":35}}},"fnMap":{},"branchMap":{},"s":{"0":1,"1":1,"2":1,"3":1,"4":1,"5":1,"6":1},"f":{},"b":{},"_coverageSchema":"43e27e138ebf9cfc5966b082cf9a028302ed4184","hash":"f361b1ed4fd90c875cc8f92887201bb29ed602fa","contentHash":"dab6c0589a61576c2ce7a6e87c014a85e5115f4ce1f1e565df141462618e8e2c"},"/Users/yanjixiong/workspace/gaoqi-blog/dao/user.js":{"path":"/Users/yanjixiong/workspace/gaoqi-blog/dao/user.js","statementMap":{"0":{"start":{"line":4,"column":10},"end":{"line":4,"column":24}},"1":{"start":{"line":5,"column":9},"end":{"line":5,"column":22}},"2":{"start":{"line":6,"column":15},"end":{"line":6,"column":34}},"3":{"start":{"line":7,"column":14},"end":{"line":7,"column":32}},"4":{"start":{"line":8,"column":14},"end":{"line":8,"column":33}},"5":{"start":{"line":9,"column":13},"end":{"line":9,"column":33}},"6":{"start":{"line":10,"column":11},"end":{"line":10,"column":22}},"7":{"start":{"line":11,"column":14},"end":{"line":11,"column":32}},"8":{"start":{"line":12,"column":11},"end":{"line":12,"column":31}},"9":{"start":{"line":13,"column":13},"end":{"line":13,"column":33}},"10":{"start":{"line":15,"column":15},"end":{"line":15,"column":19}},"11":{"start":{"line":17,"column":0},"end":{"line":19,"column":1}},"12":{"start":{"line":18,"column":2},"end":{"line":18,"column":47}},"13":{"start":{"line":29,"column":0},"end":{"line":32,"column":2}},"14":{"start":{"line":30,"column":4},"end":{"line":30,"column":55}},"15":{"start":{"line":30,"column":28},"end":{"line":30,"column":55}},"16":{"start":{"line":31,"column":4},"end":{"line":31,"column":58}},"17":{"start":{"line":41,"column":0},"end":{"line":43,"column":2}},"18":{"start":{"line":42,"column":2},"end":{"line":42,"column":40}},"19":{"start":{"line":52,"column":0},"end":{"line":55,"column":2}},"20":{"start":{"line":53,"column":2},"end":{"line":53,"column":56}},"21":{"start":{"line":64,"column":0},"end":{"line":66,"column":2}},"22":{"start":{"line":65,"column":2},"end":{"line":65,"column":40}},"23":{"start":{"line":76,"column":0},"end":{"line":78,"column":2}},"24":{"start":{"line":77,"column":2},"end":{"line":77,"column":74}},"25":{"start":{"line":88,"column":0},"end":{"line":90,"column":2}},"26":{"start":{"line":89,"column":2},"end":{"line":89,"column":42}},"27":{"start":{"line":98,"column":0},"end":{"line":100,"column":2}},"28":{"start":{"line":99,"column":2},"end":{"line":99,"column":53}},"29":{"start":{"line":107,"column":0},"end":{"line":109,"column":1}},"30":{"start":{"line":108,"column":2},"end":{"line":108,"column":76}},"31":{"start":{"line":116,"column":0},"end":{"line":118,"column":1}},"32":{"start":{"line":117,"column":2},"end":{"line":117,"column":77}},"33":{"start":{"line":125,"column":0},"end":{"line":127,"column":1}},"34":{"start":{"line":126,"column":2},"end":{"line":126,"column":79}},"35":{"start":{"line":134,"column":0},"end":{"line":136,"column":1}},"36":{"start":{"line":135,"column":2},"end":{"line":135,"column":80}},"37":{"start":{"line":147,"column":0},"end":{"line":158,"column":2}},"38":{"start":{"line":148,"column":13},"end":{"line":148,"column":23}},"39":{"start":{"line":149,"column":2},"end":{"line":149,"column":25}},"40":{"start":{"line":150,"column":2},"end":{"line":150,"column":31}},"41":{"start":{"line":151,"column":2},"end":{"line":151,"column":18}},"42":{"start":{"line":152,"column":2},"end":{"line":152,"column":21}},"43":{"start":{"line":153,"column":2},"end":{"line":153,"column":35}},"44":{"start":{"line":154,"column":2},"end":{"line":154,"column":27}},"45":{"start":{"line":155,"column":2},"end":{"line":155,"column":31}},"46":{"start":{"line":156,"column":2},"end":{"line":156,"column":14}},"47":{"start":{"line":157,"column":2},"end":{"line":157,"column":31}},"48":{"start":{"line":165,"column":0},"end":{"line":181,"column":2}},"49":{"start":{"line":166,"column":15},"end":{"line":166,"column":59}},"50":{"start":{"line":167,"column":18},"end":{"line":167,"column":29}},"51":{"start":{"line":168,"column":19},"end":{"line":168,"column":62}},"52":{"start":{"line":169,"column":18},"end":{"line":169,"column":42}},"53":{"start":{"line":170,"column":2},"end":{"line":170,"column":24}},"54":{"start":{"line":171,"column":2},"end":{"line":171,"column":24}},"55":{"start":{"line":173,"column":2},"end":{"line":178,"column":3}},"56":{"start":{"line":174,"column":4},"end":{"line":177,"column":6}},"57":{"start":{"line":175,"column":6},"end":{"line":175,"column":41}},"58":{"start":{"line":175,"column":15},"end":{"line":175,"column":41}},"59":{"start":{"line":176,"column":6},"end":{"line":176,"column":26}},"60":{"start":{"line":180,"column":2},"end":{"line":180,"column":47}}},"fnMap":{"0":{"name":"(anonymous_0)","decl":{"start":{"line":29,"column":26},"end":{"line":29,"column":27}},"loc":{"start":{"line":29,"column":43},"end":{"line":32,"column":1}},"line":29},"1":{"name":"(anonymous_1)","decl":{"start":{"line":41,"column":22},"end":{"line":41,"column":23}},"loc":{"start":{"line":41,"column":36},"end":{"line":43,"column":1}},"line":41},"2":{"name":"(anonymous_2)","decl":{"start":{"line":52,"column":29},"end":{"line":52,"column":30}},"loc":{"start":{"line":52,"column":50},"end":{"line":55,"column":1}},"line":52},"3":{"name":"(anonymous_3)","decl":{"start":{"line":64,"column":25},"end":{"line":64,"column":26}},"loc":{"start":{"line":64,"column":42},"end":{"line":66,"column":1}},"line":64},"4":{"name":"(anonymous_4)","decl":{"start":{"line":76,"column":30},"end":{"line":76,"column":31}},"loc":{"start":{"line":76,"column":57},"end":{"line":78,"column":1}},"line":76},"5":{"name":"(anonymous_5)","decl":{"start":{"line":88,"column":26},"end":{"line":88,"column":27}},"loc":{"start":{"line":88,"column":48},"end":{"line":90,"column":1}},"line":88},"6":{"name":"(anonymous_6)","decl":{"start":{"line":98,"column":27},"end":{"line":98,"column":28}},"loc":{"start":{"line":98,"column":51},"end":{"line":100,"column":1}},"line":98},"7":{"name":"incFollowingCount","decl":{"start":{"line":107,"column":37},"end":{"line":107,"column":54}},"loc":{"start":{"line":107,"column":63},"end":{"line":109,"column":1}},"line":107},"8":{"name":"decFollowingCount","decl":{"start":{"line":116,"column":37},"end":{"line":116,"column":54}},"loc":{"start":{"line":116,"column":63},"end":{"line":118,"column":1}},"line":116},"9":{"name":"incCollectCount","decl":{"start":{"line":125,"column":35},"end":{"line":125,"column":50}},"loc":{"start":{"line":125,"column":59},"end":{"line":127,"column":1}},"line":125},"10":{"name":"decCollectCount","decl":{"start":{"line":134,"column":35},"end":{"line":134,"column":50}},"loc":{"start":{"line":134,"column":59},"end":{"line":136,"column":1}},"line":134},"11":{"name":"(anonymous_11)","decl":{"start":{"line":147,"column":21},"end":{"line":147,"column":22}},"loc":{"start":{"line":147,"column":82},"end":{"line":158,"column":1}},"line":147},"12":{"name":"(anonymous_12)","decl":{"start":{"line":165,"column":23},"end":{"line":165,"column":24}},"loc":{"start":{"line":165,"column":40},"end":{"line":181,"column":1}},"line":165},"13":{"name":"(anonymous_13)","decl":{"start":{"line":174,"column":68},"end":{"line":174,"column":69}},"loc":{"start":{"line":174,"column":90},"end":{"line":177,"column":5}},"line":174}},"branchMap":{"0":{"loc":{"start":{"line":17,"column":0},"end":{"line":19,"column":1}},"type":"if","locations":[{"start":{"line":17,"column":0},"end":{"line":19,"column":1}},{"start":{"line":17,"column":0},"end":{"line":19,"column":1}}],"line":17},"1":{"loc":{"start":{"line":30,"column":4},"end":{"line":30,"column":55}},"type":"if","locations":[{"start":{"line":30,"column":4},"end":{"line":30,"column":55}},{"start":{"line":30,"column":4},"end":{"line":30,"column":55}}],"line":30},"2":{"loc":{"start":{"line":153,"column":19},"end":{"line":153,"column":34}},"type":"binary-expr","locations":[{"start":{"line":153,"column":19},"end":{"line":153,"column":25}},{"start":{"line":153,"column":29},"end":{"line":153,"column":34}}],"line":153},"3":{"loc":{"start":{"line":173,"column":2},"end":{"line":178,"column":3}},"type":"if","locations":[{"start":{"line":173,"column":2},"end":{"line":178,"column":3}},{"start":{"line":173,"column":2},"end":{"line":178,"column":3}}],"line":173},"4":{"loc":{"start":{"line":175,"column":6},"end":{"line":175,"column":41}},"type":"if","locations":[{"start":{"line":175,"column":6},"end":{"line":175,"column":41}},{"start":{"line":175,"column":6},"end":{"line":175,"column":41}}],"line":175}},"s":{"0":1,"1":1,"2":1,"3":1,"4":1,"5":1,"6":1,"7":1,"8":1,"9":1,"10":1,"11":1,"12":0,"13":1,"14":0,"15":0,"16":0,"17":1,"18":0,"19":1,"20":0,"21":1,"22":0,"23":1,"24":0,"25":1,"26":3,"27":1,"28":0,"29":1,"30":0,"31":1,"32":0,"33":1,"34":0,"35":1,"36":0,"37":1,"38":0,"39":0,"40":0,"41":0,"42":0,"43":0,"44":0,"45":0,"46":0,"47":0,"48":1,"49":0,"50":0,"51":0,"52":0,"53":0,"54":0,"55":0,"56":0,"57":0,"58":0,"59":0,"60":0},"f":{"0":0,"1":0,"2":0,"3":0,"4":0,"5":3,"6":0,"7":0,"8":0,"9":0,"10":0,"11":0,"12":0,"13":0},"b":{"0":[0,1],"1":[0,0],"2":[0,0],"3":[0,0],"4":[0,0]},"_coverageSchema":"43e27e138ebf9cfc5966b082cf9a028302ed4184","hash":"6101287d36661455b22768f9a4301140bd07af11","contentHash":"9e7f689eb6944572e4052f958c768bdaef37e11e9ee75f8736bd173c33556ec8"},"/Users/yanjixiong/workspace/gaoqi-blog/models/index.js":{"path":"/Users/yanjixiong/workspace/gaoqi-blog/models/index.js","statementMap":{"0":{"start":{"line":1,"column":15},"end":{"line":1,"column":34}},"1":{"start":{"line":2,"column":13},"end":{"line":2,"column":33}},"2":{"start":{"line":4,"column":0},"end":{"line":4,"column":39}},"3":{"start":{"line":5,"column":0},"end":{"line":10,"column":3}},"4":{"start":{"line":6,"column":2},"end":{"line":9,"column":3}},"5":{"start":{"line":7,"column":4},"end":{"line":7,"column":67}},"6":{"start":{"line":8,"column":4},"end":{"line":8,"column":20}},"7":{"start":{"line":13,"column":0},"end":{"line":13,"column":18}},"8":{"start":{"line":14,"column":0},"end":{"line":14,"column":18}},"9":{"start":{"line":15,"column":0},"end":{"line":15,"column":17}},"10":{"start":{"line":16,"column":0},"end":{"line":16,"column":19}},"11":{"start":{"line":17,"column":0},"end":{"line":17,"column":21}},"12":{"start":{"line":18,"column":0},"end":{"line":18,"column":24}},"13":{"start":{"line":19,"column":0},"end":{"line":19,"column":22}},"14":{"start":{"line":20,"column":0},"end":{"line":20,"column":25}},"15":{"start":{"line":21,"column":0},"end":{"line":21,"column":29}},"16":{"start":{"line":23,"column":0},"end":{"line":23,"column":38}},"17":{"start":{"line":24,"column":0},"end":{"line":24,"column":38}},"18":{"start":{"line":25,"column":0},"end":{"line":25,"column":36}},"19":{"start":{"line":26,"column":0},"end":{"line":26,"column":40}},"20":{"start":{"line":27,"column":0},"end":{"line":27,"column":44}},"21":{"start":{"line":28,"column":0},"end":{"line":28,"column":48}},"22":{"start":{"line":29,"column":0},"end":{"line":29,"column":46}},"23":{"start":{"line":30,"column":0},"end":{"line":30,"column":50}},"24":{"start":{"line":31,"column":0},"end":{"line":31,"column":58}}},"fnMap":{"0":{"name":"(anonymous_0)","decl":{"start":{"line":5,"column":28},"end":{"line":5,"column":29}},"loc":{"start":{"line":5,"column":43},"end":{"line":10,"column":1}},"line":5}},"branchMap":{"0":{"loc":{"start":{"line":6,"column":2},"end":{"line":9,"column":3}},"type":"if","locations":[{"start":{"line":6,"column":2},"end":{"line":9,"column":3}},{"start":{"line":6,"column":2},"end":{"line":9,"column":3}}],"line":6}},"s":{"0":1,"1":1,"2":1,"3":1,"4":1,"5":0,"6":0,"7":1,"8":1,"9":1,"10":1,"11":1,"12":1,"13":1,"14":1,"15":1,"16":1,"17":1,"18":1,"19":1,"20":1,"21":1,"22":1,"23":1,"24":1},"f":{"0":1},"b":{"0":[0,1]},"_coverageSchema":"43e27e138ebf9cfc5966b082cf9a028302ed4184","hash":"2b4a3f033f2f69c003e0a38e4f9d47f645b74920","contentHash":"7b1aa430bde90dd32d18ecb86e63d1fb57e68d3c4cc26744c027324f92432871"},"/Users/yanjixiong/workspace/gaoqi-blog/models/user.js":{"path":"/Users/yanjixiong/workspace/gaoqi-blog/models/user.js","statementMap":{"0":{"start":{"line":4,"column":15},"end":{"line":4,"column":34}},"1":{"start":{"line":5,"column":13},"end":{"line":5,"column":28}},"2":{"start":{"line":7,"column":17},"end":{"line":39,"column":2}},"3":{"start":{"line":41,"column":0},"end":{"line":41,"column":50}},"4":{"start":{"line":42,"column":0},"end":{"line":42,"column":45}},"5":{"start":{"line":43,"column":0},"end":{"line":43,"column":30}},"6":{"start":{"line":44,"column":0},"end":{"line":44,"column":35}},"7":{"start":{"line":45,"column":0},"end":{"line":45,"column":36}},"8":{"start":{"line":46,"column":0},"end":{"line":46,"column":33}},"9":{"start":{"line":47,"column":0},"end":{"line":47,"column":35}},"10":{"start":{"line":49,"column":0},"end":{"line":49,"column":35}}},"fnMap":{},"branchMap":{},"s":{"0":1,"1":1,"2":1,"3":1,"4":1,"5":1,"6":1,"7":1,"8":1,"9":1,"10":1},"f":{},"b":{},"_coverageSchema":"43e27e138ebf9cfc5966b082cf9a028302ed4184","hash":"c14228754be908c60a7cff846492d4d3b8ec3f29","contentHash":"01782c4da778df4733813a1516cd4d939e3c3d51e3f1c5b982792a0a4f51475d"},"/Users/yanjixiong/workspace/gaoqi-blog/models/post.js":{"path":"/Users/yanjixiong/workspace/gaoqi-blog/models/post.js","statementMap":{"0":{"start":{"line":4,"column":15},"end":{"line":4,"column":34}},"1":{"start":{"line":5,"column":13},"end":{"line":5,"column":28}},"2":{"start":{"line":6,"column":15},"end":{"line":6,"column":30}},"3":{"start":{"line":7,"column":13},"end":{"line":7,"column":33}},"4":{"start":{"line":8,"column":8},"end":{"line":8,"column":25}},"5":{"start":{"line":10,"column":17},"end":{"line":28,"column":2}},"6":{"start":{"line":30,"column":0},"end":{"line":30,"column":45}},"7":{"start":{"line":31,"column":0},"end":{"line":31,"column":43}},"8":{"start":{"line":32,"column":0},"end":{"line":32,"column":27}},"9":{"start":{"line":33,"column":0},"end":{"line":33,"column":40}},"10":{"start":{"line":34,"column":0},"end":{"line":34,"column":36}},"11":{"start":{"line":35,"column":0},"end":{"line":35,"column":32}},"12":{"start":{"line":37,"column":0},"end":{"line":48,"column":3}},"13":{"start":{"line":38,"column":13},"end":{"line":38,"column":26}},"14":{"start":{"line":39,"column":13},"end":{"line":41,"column":4}},"15":{"start":{"line":40,"column":4},"end":{"line":40,"column":28}},"16":{"start":{"line":43,"column":2},"end":{"line":47,"column":3}},"17":{"start":{"line":44,"column":4},"end":{"line":44,"column":19}},"18":{"start":{"line":46,"column":4},"end":{"line":46,"column":14}},"19":{"start":{"line":50,"column":0},"end":{"line":50,"column":35}}},"fnMap":{"0":{"name":"(anonymous_0)","decl":{"start":{"line":37,"column":39},"end":{"line":37,"column":40}},"loc":{"start":{"line":37,"column":51},"end":{"line":48,"column":1}},"line":37},"1":{"name":"(anonymous_1)","decl":{"start":{"line":39,"column":33},"end":{"line":39,"column":34}},"loc":{"start":{"line":39,"column":50},"end":{"line":41,"column":3}},"line":39}},"branchMap":{"0":{"loc":{"start":{"line":43,"column":2},"end":{"line":47,"column":3}},"type":"if","locations":[{"start":{"line":43,"column":2},"end":{"line":47,"column":3}},{"start":{"line":43,"column":2},"end":{"line":47,"column":3}}],"line":43}},"s":{"0":1,"1":1,"2":1,"3":1,"4":1,"5":1,"6":1,"7":1,"8":1,"9":1,"10":1,"11":1,"12":1,"13":0,"14":0,"15":0,"16":0,"17":0,"18":0,"19":1},"f":{"0":0,"1":0},"b":{"0":[0,0]},"_coverageSchema":"43e27e138ebf9cfc5966b082cf9a028302ed4184","hash":"15342251e731b825535be26e0e6e0bebb43a19d6","contentHash":"4bca9d9f2be339858d8e9fa2f0f9cc6b579f0e1150de22157fd700000129cad0"},"/Users/yanjixiong/workspace/gaoqi-blog/models/tag.js":{"path":"/Users/yanjixiong/workspace/gaoqi-blog/models/tag.js","statementMap":{"0":{"start":{"line":4,"column":15},"end":{"line":4,"column":34}},"1":{"start":{"line":5,"column":13},"end":{"line":5,"column":28}},"2":{"start":{"line":6,"column":15},"end":{"line":6,"column":30}},"3":{"start":{"line":8,"column":16},"end":{"line":17,"column":2}},"4":{"start":{"line":19,"column":0},"end":{"line":19,"column":27}},"5":{"start":{"line":20,"column":0},"end":{"line":20,"column":33}},"6":{"start":{"line":21,"column":0},"end":{"line":21,"column":33}},"7":{"start":{"line":22,"column":0},"end":{"line":22,"column":34}},"8":{"start":{"line":23,"column":0},"end":{"line":23,"column":33}},"9":{"start":{"line":24,"column":0},"end":{"line":24,"column":36}},"10":{"start":{"line":26,"column":0},"end":{"line":26,"column":33}}},"fnMap":{},"branchMap":{},"s":{"0":1,"1":1,"2":1,"3":1,"4":1,"5":1,"6":1,"7":1,"8":1,"9":1,"10":1},"f":{},"b":{},"_coverageSchema":"43e27e138ebf9cfc5966b082cf9a028302ed4184","hash":"244386edbb57bc4a362f52c1f4424cec64a21e10","contentHash":"3242c6709c897d3b82bae68d24245a254011aca4be2ba250e667be5ee15a2e1f"},"/Users/yanjixiong/workspace/gaoqi-blog/models/reply.js":{"path":"/Users/yanjixiong/workspace/gaoqi-blog/models/reply.js","statementMap":{"0":{"start":{"line":4,"column":15},"end":{"line":4,"column":34}},"1":{"start":{"line":5,"column":13},"end":{"line":5,"column":28}},"2":{"start":{"line":6,"column":15},"end":{"line":6,"column":30}},"3":{"start":{"line":7,"column":13},"end":{"line":7,"column":33}},"4":{"start":{"line":9,"column":18},"end":{"line":17,"column":2}},"5":{"start":{"line":19,"column":0},"end":{"line":19,"column":32}},"6":{"start":{"line":20,"column":0},"end":{"line":20,"column":49}},"7":{"start":{"line":22,"column":0},"end":{"line":22,"column":37}}},"fnMap":{},"branchMap":{},"s":{"0":1,"1":1,"2":1,"3":1,"4":1,"5":1,"6":1,"7":1},"f":{},"b":{},"_coverageSchema":"43e27e138ebf9cfc5966b082cf9a028302ed4184","hash":"1cc885f2238f7f9bebcfa9366918af86a341aaec","contentHash":"25a26bed27471d110ea0dbe96c7af004656f5465e374daae991212bd0f887be6"},"/Users/yanjixiong/workspace/gaoqi-blog/models/message.js":{"path":"/Users/yanjixiong/workspace/gaoqi-blog/models/message.js","statementMap":{"0":{"start":{"line":5,"column":15},"end":{"line":5,"column":34}},"1":{"start":{"line":6,"column":13},"end":{"line":6,"column":28}},"2":{"start":{"line":7,"column":15},"end":{"line":7,"column":30}},"3":{"start":{"line":17,"column":20},"end":{"line":25,"column":2}},"4":{"start":{"line":27,"column":0},"end":{"line":27,"column":65}},"5":{"start":{"line":29,"column":0},"end":{"line":29,"column":41}}},"fnMap":{},"branchMap":{},"s":{"0":1,"1":1,"2":1,"3":1,"4":1,"5":1},"f":{},"b":{},"_coverageSchema":"43e27e138ebf9cfc5966b082cf9a028302ed4184","hash":"089eaf873e1c389476fd83bbe0f750489b858eda","contentHash":"30bffc56d94eae5b5633c3a888b2445f6dc3060706688a4cfde5cec6fd8f7a1a"},"/Users/yanjixiong/workspace/gaoqi-blog/models/tag_follow.js":{"path":"/Users/yanjixiong/workspace/gaoqi-blog/models/tag_follow.js","statementMap":{"0":{"start":{"line":5,"column":15},"end":{"line":5,"column":34}},"1":{"start":{"line":6,"column":13},"end":{"line":6,"column":28}},"2":{"start":{"line":7,"column":15},"end":{"line":7,"column":30}},"3":{"start":{"line":9,"column":22},"end":{"line":13,"column":2}},"4":{"start":{"line":15,"column":0},"end":{"line":15,"column":45}}},"fnMap":{},"branchMap":{},"s":{"0":1,"1":1,"2":1,"3":1,"4":1},"f":{},"b":{},"_coverageSchema":"43e27e138ebf9cfc5966b082cf9a028302ed4184","hash":"5867120af81294bc9da8b9c86d5f4646b1974148","contentHash":"a651240f5bcf0bd1046f439be07769239d9a8942395c29d25dfdb3fa13284d92"},"/Users/yanjixiong/workspace/gaoqi-blog/models/category.js":{"path":"/Users/yanjixiong/workspace/gaoqi-blog/models/category.js","statementMap":{"0":{"start":{"line":7,"column":15},"end":{"line":7,"column":34}},"1":{"start":{"line":8,"column":13},"end":{"line":8,"column":28}},"2":{"start":{"line":9,"column":15},"end":{"line":9,"column":30}},"3":{"start":{"line":11,"column":21},"end":{"line":21,"column":2}},"4":{"start":{"line":23,"column":0},"end":{"line":23,"column":38}},"5":{"start":{"line":24,"column":0},"end":{"line":24,"column":38}},"6":{"start":{"line":25,"column":0},"end":{"line":25,"column":32}},"7":{"start":{"line":26,"column":0},"end":{"line":26,"column":37}},"8":{"start":{"line":27,"column":0},"end":{"line":27,"column":37}},"9":{"start":{"line":29,"column":0},"end":{"line":29,"column":43}}},"fnMap":{},"branchMap":{},"s":{"0":1,"1":1,"2":1,"3":1,"4":1,"5":1,"6":1,"7":1,"8":1,"9":1},"f":{},"b":{},"_coverageSchema":"43e27e138ebf9cfc5966b082cf9a028302ed4184","hash":"cb745e4c23dfa4ba1008096507e3f6fc22b8c640","contentHash":"1e49e9a8c46d67ffd98a0fd62fc33c9a2123a908bb453ca00864cd2f63d03461"},"/Users/yanjixiong/workspace/gaoqi-blog/models/user_follow.js":{"path":"/Users/yanjixiong/workspace/gaoqi-blog/models/user_follow.js","statementMap":{"0":{"start":{"line":8,"column":15},"end":{"line":8,"column":34}},"1":{"start":{"line":9,"column":13},"end":{"line":9,"column":28}},"2":{"start":{"line":10,"column":15},"end":{"line":10,"column":30}},"3":{"start":{"line":12,"column":23},"end":{"line":16,"column":2}},"4":{"start":{"line":18,"column":0},"end":{"line":18,"column":40}},"5":{"start":{"line":19,"column":0},"end":{"line":19,"column":58}},"6":{"start":{"line":21,"column":0},"end":{"line":21,"column":47}}},"fnMap":{},"branchMap":{},"s":{"0":1,"1":1,"2":1,"3":1,"4":1,"5":1,"6":1},"f":{},"b":{},"_coverageSchema":"43e27e138ebf9cfc5966b082cf9a028302ed4184","hash":"d406e6596ff1d7968733c5f76a878dc96a5c7614","contentHash":"7dea0404b98d29b8bc4eb6fc0c49d1d2695b604963bc93c1bc7daf5fab296766"},"/Users/yanjixiong/workspace/gaoqi-blog/models/post_collection.js":{"path":"/Users/yanjixiong/workspace/gaoqi-blog/models/post_collection.js","statementMap":{"0":{"start":{"line":5,"column":15},"end":{"line":5,"column":34}},"1":{"start":{"line":6,"column":13},"end":{"line":6,"column":28}},"2":{"start":{"line":7,"column":15},"end":{"line":7,"column":30}},"3":{"start":{"line":9,"column":27},"end":{"line":13,"column":2}},"4":{"start":{"line":15,"column":0},"end":{"line":15,"column":41}},"5":{"start":{"line":17,"column":0},"end":{"line":17,"column":55}}},"fnMap":{},"branchMap":{},"s":{"0":1,"1":1,"2":1,"3":1,"4":1,"5":1},"f":{},"b":{},"_coverageSchema":"43e27e138ebf9cfc5966b082cf9a028302ed4184","hash":"b91feb11f821e55941670be83c9b2b77efc18017","contentHash":"fc7ccdfbd83f5418d2ef102b33775f4fafa16dfdf1f37ef2ad5fa0caf769b6d7"},"/Users/yanjixiong/workspace/gaoqi-blog/dao/user_follow.js":{"path":"/Users/yanjixiong/workspace/gaoqi-blog/dao/user_follow.js","statementMap":{"0":{"start":{"line":8,"column":14},"end":{"line":8,"column":33}},"1":{"start":{"line":9,"column":17},"end":{"line":9,"column":48}},"2":{"start":{"line":12,"column":0},"end":{"line":73,"column":2}},"3":{"start":{"line":19,"column":4},"end":{"line":19,"column":54}},"4":{"start":{"line":29,"column":4},"end":{"line":29,"column":50}},"5":{"start":{"line":39,"column":21},"end":{"line":39,"column":37}},"6":{"start":{"line":40,"column":4},"end":{"line":40,"column":40}},"7":{"start":{"line":41,"column":4},"end":{"line":41,"column":38}},"8":{"start":{"line":42,"column":4},"end":{"line":42,"column":29}},"9":{"start":{"line":52,"column":4},"end":{"line":55,"column":6}},"10":{"start":{"line":65,"column":4},"end":{"line":69,"column":8}},"11":{"start":{"line":68,"column":8},"end":{"line":68,"column":49}}},"fnMap":{"0":{"name":"getByFollower","decl":{"start":{"line":18,"column":26},"end":{"line":18,"column":39}},"loc":{"start":{"line":18,"column":52},"end":{"line":20,"column":3}},"line":18},"1":{"name":"findByQuery","decl":{"start":{"line":28,"column":24},"end":{"line":28,"column":35}},"loc":{"start":{"line":28,"column":48},"end":{"line":30,"column":3}},"line":28},"2":{"name":"follow","decl":{"start":{"line":38,"column":19},"end":{"line":38,"column":25}},"loc":{"start":{"line":38,"column":47},"end":{"line":43,"column":3}},"line":38},"3":{"name":"unFollow","decl":{"start":{"line":51,"column":21},"end":{"line":51,"column":29}},"loc":{"start":{"line":51,"column":51},"end":{"line":56,"column":3}},"line":51},"4":{"name":"hasFollow","decl":{"start":{"line":64,"column":22},"end":{"line":64,"column":31}},"loc":{"start":{"line":64,"column":53},"end":{"line":70,"column":3}},"line":64},"5":{"name":"(anonymous_5)","decl":{"start":{"line":67,"column":12},"end":{"line":67,"column":13}},"loc":{"start":{"line":67,"column":37},"end":{"line":69,"column":7}},"line":67}},"branchMap":{},"s":{"0":1,"1":1,"2":1,"3":0,"4":0,"5":0,"6":0,"7":0,"8":0,"9":0,"10":0,"11":0},"f":{"0":0,"1":0,"2":0,"3":0,"4":0,"5":0},"b":{},"_coverageSchema":"43e27e138ebf9cfc5966b082cf9a028302ed4184","hash":"4ed38bc904ffc65b7f9b2d36ed76ccfe008c98ab","contentHash":"9d63e00b91b877e37311607f002cfe404b6b131c3cb054462662b7fdddf725b8"},"/Users/yanjixiong/workspace/gaoqi-blog/dao/post.js":{"path":"/Users/yanjixiong/workspace/gaoqi-blog/dao/post.js","statementMap":{"0":{"start":{"line":4,"column":14},"end":{"line":4,"column":33}},"1":{"start":{"line":5,"column":13},"end":{"line":5,"column":33}},"2":{"start":{"line":6,"column":11},"end":{"line":6,"column":22}},"3":{"start":{"line":7,"column":11},"end":{"line":7,"column":28}},"4":{"start":{"line":8,"column":12},"end":{"line":8,"column":30}},"5":{"start":{"line":9,"column":12},"end":{"line":9,"column":38}},"6":{"start":{"line":10,"column":9},"end":{"line":10,"column":32}},"7":{"start":{"line":20,"column":0},"end":{"line":36,"column":2}},"8":{"start":{"line":23,"column":2},"end":{"line":34,"column":6}},"9":{"start":{"line":27,"column":6},"end":{"line":27,"column":23}},"10":{"start":{"line":28,"column":6},"end":{"line":30,"column":28}},"11":{"start":{"line":33,"column":6},"end":{"line":33,"column":48}},"12":{"start":{"line":42,"column":0},"end":{"line":44,"column":2}},"13":{"start":{"line":43,"column":2},"end":{"line":43,"column":40}},"14":{"start":{"line":50,"column":0},"end":{"line":52,"column":2}},"15":{"start":{"line":51,"column":2},"end":{"line":51,"column":34}},"16":{"start":{"line":57,"column":0},"end":{"line":61,"column":2}},"17":{"start":{"line":58,"column":2},"end":{"line":60,"column":12}},"18":{"start":{"line":71,"column":0},"end":{"line":88,"column":2}},"19":{"start":{"line":72,"column":2},"end":{"line":87,"column":6}},"20":{"start":{"line":76,"column":6},"end":{"line":86,"column":8}},"21":{"start":{"line":77,"column":8},"end":{"line":85,"column":12}},"22":{"start":{"line":80,"column":12},"end":{"line":80,"column":33}},"23":{"start":{"line":81,"column":12},"end":{"line":81,"column":77}},"24":{"start":{"line":82,"column":12},"end":{"line":82,"column":77}},"25":{"start":{"line":83,"column":12},"end":{"line":83,"column":55}},"26":{"start":{"line":84,"column":12},"end":{"line":84,"column":24}},"27":{"start":{"line":95,"column":0},"end":{"line":97,"column":2}},"28":{"start":{"line":96,"column":2},"end":{"line":96,"column":59}},"29":{"start":{"line":103,"column":0},"end":{"line":110,"column":2}},"30":{"start":{"line":104,"column":2},"end":{"line":109,"column":12}},"31":{"start":{"line":122,"column":0},"end":{"line":137,"column":2}},"32":{"start":{"line":123,"column":2},"end":{"line":136,"column":7}},"33":{"start":{"line":127,"column":6},"end":{"line":127,"column":62}},"34":{"start":{"line":128,"column":6},"end":{"line":135,"column":10}},"35":{"start":{"line":134,"column":10},"end":{"line":134,"column":68}},"36":{"start":{"line":143,"column":0},"end":{"line":151,"column":2}},"37":{"start":{"line":144,"column":2},"end":{"line":150,"column":6}},"38":{"start":{"line":148,"column":6},"end":{"line":148,"column":32}},"39":{"start":{"line":149,"column":6},"end":{"line":149,"column":29}},"40":{"start":{"line":162,"column":0},"end":{"line":172,"column":2}},"41":{"start":{"line":163,"column":13},"end":{"line":163,"column":23}},"42":{"start":{"line":164,"column":2},"end":{"line":164,"column":21}},"43":{"start":{"line":165,"column":2},"end":{"line":165,"column":33}},"44":{"start":{"line":166,"column":2},"end":{"line":166,"column":25}},"45":{"start":{"line":167,"column":2},"end":{"line":167,"column":29}},"46":{"start":{"line":168,"column":2},"end":{"line":168,"column":19}},"47":{"start":{"line":169,"column":2},"end":{"line":169,"column":27}},"48":{"start":{"line":170,"column":2},"end":{"line":170,"column":14}},"49":{"start":{"line":171,"column":2},"end":{"line":171,"column":31}},"50":{"start":{"line":186,"column":0},"end":{"line":200,"column":2}},"51":{"start":{"line":187,"column":13},"end":{"line":187,"column":23}},"52":{"start":{"line":188,"column":2},"end":{"line":188,"column":16}},"53":{"start":{"line":189,"column":2},"end":{"line":189,"column":21}},"54":{"start":{"line":190,"column":2},"end":{"line":190,"column":33}},"55":{"start":{"line":191,"column":2},"end":{"line":191,"column":25}},"56":{"start":{"line":192,"column":2},"end":{"line":192,"column":29}},"57":{"start":{"line":193,"column":2},"end":{"line":193,"column":19}},"58":{"start":{"line":194,"column":2},"end":{"line":194,"column":27}},"59":{"start":{"line":195,"column":2},"end":{"line":195,"column":29}},"60":{"start":{"line":196,"column":2},"end":{"line":196,"column":29}},"61":{"start":{"line":197,"column":2},"end":{"line":197,"column":15}},"62":{"start":{"line":198,"column":2},"end":{"line":198,"column":14}},"63":{"start":{"line":199,"column":2},"end":{"line":199,"column":31}},"64":{"start":{"line":207,"column":0},"end":{"line":209,"column":2}},"65":{"start":{"line":208,"column":2},"end":{"line":208,"column":28}},"66":{"start":{"line":215,"column":0},"end":{"line":217,"column":1}},"67":{"start":{"line":216,"column":2},"end":{"line":216,"column":55}},"68":{"start":{"line":223,"column":0},"end":{"line":225,"column":1}},"69":{"start":{"line":224,"column":2},"end":{"line":224,"column":56}}},"fnMap":{"0":{"name":"(anonymous_0)","decl":{"start":{"line":20,"column":22},"end":{"line":20,"column":23}},"loc":{"start":{"line":20,"column":36},"end":{"line":36,"column":1}},"line":20},"1":{"name":"(anonymous_1)","decl":{"start":{"line":26,"column":10},"end":{"line":26,"column":11}},"loc":{"start":{"line":26,"column":29},"end":{"line":31,"column":5}},"line":26},"2":{"name":"(anonymous_2)","decl":{"start":{"line":32,"column":10},"end":{"line":32,"column":11}},"loc":{"start":{"line":32,"column":29},"end":{"line":34,"column":5}},"line":32},"3":{"name":"(anonymous_3)","decl":{"start":{"line":42,"column":18},"end":{"line":42,"column":19}},"loc":{"start":{"line":42,"column":32},"end":{"line":44,"column":1}},"line":42},"4":{"name":"(anonymous_4)","decl":{"start":{"line":50,"column":26},"end":{"line":50,"column":27}},"loc":{"start":{"line":50,"column":43},"end":{"line":52,"column":1}},"line":50},"5":{"name":"(anonymous_5)","decl":{"start":{"line":57,"column":21},"end":{"line":57,"column":22}},"loc":{"start":{"line":57,"column":33},"end":{"line":61,"column":1}},"line":57},"6":{"name":"(anonymous_6)","decl":{"start":{"line":71,"column":26},"end":{"line":71,"column":27}},"loc":{"start":{"line":71,"column":48},"end":{"line":88,"column":1}},"line":71},"7":{"name":"(anonymous_7)","decl":{"start":{"line":75,"column":10},"end":{"line":75,"column":11}},"loc":{"start":{"line":75,"column":31},"end":{"line":87,"column":5}},"line":75},"8":{"name":"(anonymous_8)","decl":{"start":{"line":76,"column":36},"end":{"line":76,"column":37}},"loc":{"start":{"line":76,"column":51},"end":{"line":86,"column":7}},"line":76},"9":{"name":"(anonymous_9)","decl":{"start":{"line":79,"column":16},"end":{"line":79,"column":17}},"loc":{"start":{"line":79,"column":33},"end":{"line":85,"column":11}},"line":79},"10":{"name":"(anonymous_10)","decl":{"start":{"line":95,"column":25},"end":{"line":95,"column":26}},"loc":{"start":{"line":95,"column":44},"end":{"line":97,"column":1}},"line":95},"11":{"name":"(anonymous_11)","decl":{"start":{"line":103,"column":20},"end":{"line":103,"column":21}},"loc":{"start":{"line":103,"column":36},"end":{"line":110,"column":1}},"line":103},"12":{"name":"(anonymous_12)","decl":{"start":{"line":122,"column":26},"end":{"line":122,"column":27}},"loc":{"start":{"line":122,"column":45},"end":{"line":137,"column":1}},"line":122},"13":{"name":"(anonymous_13)","decl":{"start":{"line":126,"column":10},"end":{"line":126,"column":11}},"loc":{"start":{"line":126,"column":29},"end":{"line":136,"column":5}},"line":126},"14":{"name":"(anonymous_14)","decl":{"start":{"line":133,"column":16},"end":{"line":133,"column":17}},"loc":{"start":{"line":133,"column":48},"end":{"line":135,"column":9}},"line":133},"15":{"name":"(anonymous_15)","decl":{"start":{"line":143,"column":22},"end":{"line":143,"column":23}},"loc":{"start":{"line":143,"column":36},"end":{"line":151,"column":1}},"line":143},"16":{"name":"(anonymous_16)","decl":{"start":{"line":147,"column":10},"end":{"line":147,"column":11}},"loc":{"start":{"line":147,"column":30},"end":{"line":150,"column":5}},"line":147},"17":{"name":"(anonymous_17)","decl":{"start":{"line":162,"column":21},"end":{"line":162,"column":22}},"loc":{"start":{"line":162,"column":87},"end":{"line":172,"column":1}},"line":162},"18":{"name":"(anonymous_18)","decl":{"start":{"line":186,"column":20},"end":{"line":186,"column":21}},"loc":{"start":{"line":186,"column":105},"end":{"line":200,"column":1}},"line":186},"19":{"name":"(anonymous_19)","decl":{"start":{"line":207,"column":17},"end":{"line":207,"column":18}},"loc":{"start":{"line":207,"column":33},"end":{"line":209,"column":1}},"line":207},"20":{"name":"setTop","decl":{"start":{"line":215,"column":26},"end":{"line":215,"column":32}},"loc":{"start":{"line":215,"column":37},"end":{"line":217,"column":1}},"line":215},"21":{"name":"cancelTop","decl":{"start":{"line":223,"column":29},"end":{"line":223,"column":38}},"loc":{"start":{"line":223,"column":43},"end":{"line":225,"column":1}},"line":223}},"branchMap":{"0":{"loc":{"start":{"line":28,"column":13},"end":{"line":30,"column":27}},"type":"cond-expr","locations":[{"start":{"line":29,"column":10},"end":{"line":29,"column":43}},{"start":{"line":30,"column":10},"end":{"line":30,"column":27}}],"line":28}},"s":{"0":1,"1":1,"2":1,"3":1,"4":1,"5":1,"6":1,"7":1,"8":0,"9":0,"10":0,"11":0,"12":1,"13":0,"14":1,"15":3,"16":1,"17":1,"18":1,"19":4,"20":4,"21":0,"22":0,"23":0,"24":0,"25":0,"26":0,"27":1,"28":0,"29":1,"30":2,"31":1,"32":0,"33":0,"34":0,"35":0,"36":1,"37":0,"38":0,"39":0,"40":1,"41":0,"42":0,"43":0,"44":0,"45":0,"46":0,"47":0,"48":0,"49":0,"50":1,"51":0,"52":0,"53":0,"54":0,"55":0,"56":0,"57":0,"58":0,"59":0,"60":0,"61":0,"62":0,"63":0,"64":1,"65":0,"66":1,"67":0,"68":1,"69":0},"f":{"0":0,"1":0,"2":0,"3":0,"4":3,"5":1,"6":4,"7":4,"8":0,"9":0,"10":0,"11":2,"12":0,"13":0,"14":0,"15":0,"16":0,"17":0,"18":0,"19":0,"20":0,"21":0},"b":{"0":[0,0]},"_coverageSchema":"43e27e138ebf9cfc5966b082cf9a028302ed4184","hash":"4a886917cf0bc18572ebd91efd082b7a12cf0d24","contentHash":"c03f8941b405ebc4ee25f61c3d9f74cf3e8049fb2cd0677409334c7cd3de6925"},"/Users/yanjixiong/workspace/gaoqi-blog/dao/reply.js":{"path":"/Users/yanjixiong/workspace/gaoqi-blog/dao/reply.js","statementMap":{"0":{"start":{"line":5,"column":14},"end":{"line":5,"column":33}},"1":{"start":{"line":6,"column":16},"end":{"line":6,"column":36}},"2":{"start":{"line":7,"column":13},"end":{"line":7,"column":33}},"3":{"start":{"line":8,"column":12},"end":{"line":8,"column":24}},"4":{"start":{"line":10,"column":12},"end":{"line":10,"column":38}},"5":{"start":{"line":11,"column":9},"end":{"line":11,"column":32}},"6":{"start":{"line":12,"column":11},"end":{"line":12,"column":28}},"7":{"start":{"line":13,"column":11},"end":{"line":13,"column":28}},"8":{"start":{"line":19,"column":0},"end":{"line":26,"column":2}},"9":{"start":{"line":20,"column":2},"end":{"line":25,"column":5}},"10":{"start":{"line":21,"column":4},"end":{"line":24,"column":7}},"11":{"start":{"line":22,"column":6},"end":{"line":22,"column":34}},"12":{"start":{"line":22,"column":15},"end":{"line":22,"column":34}},"13":{"start":{"line":23,"column":6},"end":{"line":23,"column":21}},"14":{"start":{"line":35,"column":0},"end":{"line":59,"column":2}},"15":{"start":{"line":38,"column":2},"end":{"line":58,"column":7}},"16":{"start":{"line":41,"column":6},"end":{"line":41,"column":47}},"17":{"start":{"line":41,"column":22},"end":{"line":41,"column":47}},"18":{"start":{"line":43,"column":6},"end":{"line":43,"column":25}},"19":{"start":{"line":45,"column":22},"end":{"line":45,"column":41}},"20":{"start":{"line":47,"column":6},"end":{"line":51,"column":11}},"21":{"start":{"line":54,"column":6},"end":{"line":54,"column":31}},"22":{"start":{"line":55,"column":6},"end":{"line":55,"column":75}},"23":{"start":{"line":56,"column":6},"end":{"line":56,"column":36}},"24":{"start":{"line":57,"column":6},"end":{"line":57,"column":37}},"25":{"start":{"line":66,"column":0},"end":{"line":72,"column":2}},"26":{"start":{"line":67,"column":2},"end":{"line":71,"column":12}},"27":{"start":{"line":81,"column":0},"end":{"line":100,"column":2}},"28":{"start":{"line":82,"column":2},"end":{"line":99,"column":6}},"29":{"start":{"line":86,"column":6},"end":{"line":88,"column":7}},"30":{"start":{"line":87,"column":8},"end":{"line":87,"column":35}},"31":{"start":{"line":89,"column":6},"end":{"line":98,"column":9}},"32":{"start":{"line":90,"column":8},"end":{"line":97,"column":13}},"33":{"start":{"line":93,"column":12},"end":{"line":93,"column":49}},"34":{"start":{"line":94,"column":12},"end":{"line":94,"column":79}},"35":{"start":{"line":95,"column":12},"end":{"line":95,"column":56}},"36":{"start":{"line":96,"column":12},"end":{"line":96,"column":25}},"37":{"start":{"line":109,"column":0},"end":{"line":119,"column":2}},"38":{"start":{"line":110,"column":14},"end":{"line":110,"column":25}},"39":{"start":{"line":111,"column":2},"end":{"line":111,"column":26}},"40":{"start":{"line":112,"column":2},"end":{"line":112,"column":25}},"41":{"start":{"line":113,"column":2},"end":{"line":113,"column":29}},"42":{"start":{"line":114,"column":2},"end":{"line":116,"column":3}},"43":{"start":{"line":115,"column":4},"end":{"line":115,"column":29}},"44":{"start":{"line":117,"column":2},"end":{"line":117,"column":15}},"45":{"start":{"line":118,"column":2},"end":{"line":118,"column":32}},"46":{"start":{"line":126,"column":0},"end":{"line":144,"column":2}},"47":{"start":{"line":127,"column":2},"end":{"line":143,"column":6}},"48":{"start":{"line":131,"column":6},"end":{"line":133,"column":7}},"49":{"start":{"line":132,"column":8},"end":{"line":132,"column":35}},"50":{"start":{"line":134,"column":6},"end":{"line":142,"column":9}},"51":{"start":{"line":135,"column":8},"end":{"line":141,"column":13}},"52":{"start":{"line":138,"column":12},"end":{"line":138,"column":49}},"53":{"start":{"line":139,"column":12},"end":{"line":139,"column":79}},"54":{"start":{"line":140,"column":12},"end":{"line":140,"column":25}},"55":{"start":{"line":150,"column":0},"end":{"line":152,"column":2}},"56":{"start":{"line":151,"column":2},"end":{"line":151,"column":51}}},"fnMap":{"0":{"name":"(anonymous_0)","decl":{"start":{"line":19,"column":19},"end":{"line":19,"column":20}},"loc":{"start":{"line":19,"column":33},"end":{"line":26,"column":1}},"line":19},"1":{"name":"(anonymous_1)","decl":{"start":{"line":20,"column":21},"end":{"line":20,"column":22}},"loc":{"start":{"line":20,"column":47},"end":{"line":25,"column":3}},"line":20},"2":{"name":"(anonymous_2)","decl":{"start":{"line":21,"column":29},"end":{"line":21,"column":30}},"loc":{"start":{"line":21,"column":50},"end":{"line":24,"column":5}},"line":21},"3":{"name":"(anonymous_3)","decl":{"start":{"line":35,"column":23},"end":{"line":35,"column":24}},"loc":{"start":{"line":35,"column":37},"end":{"line":59,"column":1}},"line":35},"4":{"name":"(anonymous_4)","decl":{"start":{"line":40,"column":10},"end":{"line":40,"column":11}},"loc":{"start":{"line":40,"column":30},"end":{"line":52,"column":5}},"line":40},"5":{"name":"(anonymous_5)","decl":{"start":{"line":53,"column":12},"end":{"line":53,"column":13}},"loc":{"start":{"line":53,"column":45},"end":{"line":58,"column":5}},"line":53},"6":{"name":"(anonymous_6)","decl":{"start":{"line":66,"column":28},"end":{"line":66,"column":29}},"loc":{"start":{"line":66,"column":52},"end":{"line":72,"column":1}},"line":66},"7":{"name":"(anonymous_7)","decl":{"start":{"line":81,"column":29},"end":{"line":81,"column":30}},"loc":{"start":{"line":81,"column":43},"end":{"line":100,"column":1}},"line":81},"8":{"name":"(anonymous_8)","decl":{"start":{"line":85,"column":10},"end":{"line":85,"column":11}},"loc":{"start":{"line":85,"column":28},"end":{"line":99,"column":5}},"line":85},"9":{"name":"(anonymous_9)","decl":{"start":{"line":89,"column":34},"end":{"line":89,"column":35}},"loc":{"start":{"line":89,"column":50},"end":{"line":98,"column":7}},"line":89},"10":{"name":"(anonymous_10)","decl":{"start":{"line":92,"column":16},"end":{"line":92,"column":17}},"loc":{"start":{"line":92,"column":33},"end":{"line":97,"column":11}},"line":92},"11":{"name":"(anonymous_11)","decl":{"start":{"line":109,"column":21},"end":{"line":109,"column":22}},"loc":{"start":{"line":109,"column":67},"end":{"line":119,"column":1}},"line":109},"12":{"name":"(anonymous_12)","decl":{"start":{"line":126,"column":31},"end":{"line":126,"column":32}},"loc":{"start":{"line":126,"column":56},"end":{"line":144,"column":1}},"line":126},"13":{"name":"(anonymous_13)","decl":{"start":{"line":130,"column":10},"end":{"line":130,"column":11}},"loc":{"start":{"line":130,"column":28},"end":{"line":143,"column":5}},"line":130},"14":{"name":"(anonymous_14)","decl":{"start":{"line":134,"column":34},"end":{"line":134,"column":35}},"loc":{"start":{"line":134,"column":50},"end":{"line":142,"column":7}},"line":134},"15":{"name":"(anonymous_15)","decl":{"start":{"line":137,"column":16},"end":{"line":137,"column":17}},"loc":{"start":{"line":137,"column":33},"end":{"line":141,"column":11}},"line":137},"16":{"name":"(anonymous_16)","decl":{"start":{"line":150,"column":29},"end":{"line":150,"column":30}},"loc":{"start":{"line":150,"column":49},"end":{"line":152,"column":1}},"line":150}},"branchMap":{"0":{"loc":{"start":{"line":22,"column":6},"end":{"line":22,"column":34}},"type":"if","locations":[{"start":{"line":22,"column":6},"end":{"line":22,"column":34}},{"start":{"line":22,"column":6},"end":{"line":22,"column":34}}],"line":22},"1":{"loc":{"start":{"line":41,"column":6},"end":{"line":41,"column":47}},"type":"if","locations":[{"start":{"line":41,"column":6},"end":{"line":41,"column":47}},{"start":{"line":41,"column":6},"end":{"line":41,"column":47}}],"line":41},"2":{"loc":{"start":{"line":86,"column":6},"end":{"line":88,"column":7}},"type":"if","locations":[{"start":{"line":86,"column":6},"end":{"line":88,"column":7}},{"start":{"line":86,"column":6},"end":{"line":88,"column":7}}],"line":86},"3":{"loc":{"start":{"line":93,"column":27},"end":{"line":93,"column":48}},"type":"binary-expr","locations":[{"start":{"line":93,"column":27},"end":{"line":93,"column":33}},{"start":{"line":93,"column":37},"end":{"line":93,"column":48}}],"line":93},"4":{"loc":{"start":{"line":114,"column":2},"end":{"line":116,"column":3}},"type":"if","locations":[{"start":{"line":114,"column":2},"end":{"line":116,"column":3}},{"start":{"line":114,"column":2},"end":{"line":116,"column":3}}],"line":114},"5":{"loc":{"start":{"line":131,"column":6},"end":{"line":133,"column":7}},"type":"if","locations":[{"start":{"line":131,"column":6},"end":{"line":133,"column":7}},{"start":{"line":131,"column":6},"end":{"line":133,"column":7}}],"line":131},"6":{"loc":{"start":{"line":138,"column":27},"end":{"line":138,"column":48}},"type":"binary-expr","locations":[{"start":{"line":138,"column":27},"end":{"line":138,"column":33}},{"start":{"line":138,"column":37},"end":{"line":138,"column":48}}],"line":138}},"s":{"0":1,"1":1,"2":1,"3":1,"4":1,"5":1,"6":1,"7":1,"8":1,"9":0,"10":0,"11":0,"12":0,"13":0,"14":1,"15":0,"16":0,"17":0,"18":0,"19":0,"20":0,"21":0,"22":0,"23":0,"24":0,"25":1,"26":3,"27":1,"28":0,"29":0,"30":0,"31":0,"32":0,"33":0,"34":0,"35":0,"36":0,"37":1,"38":0,"39":0,"40":0,"41":0,"42":0,"43":0,"44":0,"45":0,"46":1,"47":0,"48":0,"49":0,"50":0,"51":0,"52":0,"53":0,"54":0,"55":1,"56":0},"f":{"0":0,"1":0,"2":0,"3":0,"4":0,"5":0,"6":3,"7":0,"8":0,"9":0,"10":0,"11":0,"12":0,"13":0,"14":0,"15":0,"16":0},"b":{"0":[0,0],"1":[0,0],"2":[0,0],"3":[0,0],"4":[0,0],"5":[0,0],"6":[0,0]},"_coverageSchema":"43e27e138ebf9cfc5966b082cf9a028302ed4184","hash":"5e976b0bb58d51e8e3fe8cd624cc1eaf12996e4f","contentHash":"ac17b5a35c76096c1d599ca278a30721a9c0c2041d48c3b6c1d6c7e9872148e9"},"/Users/yanjixiong/workspace/gaoqi-blog/common/tools.js":{"path":"/Users/yanjixiong/workspace/gaoqi-blog/common/tools.js","statementMap":{"0":{"start":{"line":3,"column":14},"end":{"line":3,"column":33}},"1":{"start":{"line":4,"column":13},"end":{"line":4,"column":32}},"2":{"start":{"line":5,"column":13},"end":{"line":5,"column":30}},"3":{"start":{"line":6,"column":13},"end":{"line":6,"column":33}},"4":{"start":{"line":7,"column":0},"end":{"line":7,"column":23}},"5":{"start":{"line":10,"column":0},"end":{"line":19,"column":2}},"6":{"start":{"line":11,"column":2},"end":{"line":11,"column":22}},"7":{"start":{"line":13,"column":2},"end":{"line":17,"column":3}},"8":{"start":{"line":14,"column":4},"end":{"line":14,"column":26}},"9":{"start":{"line":16,"column":4},"end":{"line":16,"column":43}},"10":{"start":{"line":27,"column":0},"end":{"line":31,"column":1}},"11":{"start":{"line":28,"column":2},"end":{"line":28,"column":22}},"12":{"start":{"line":30,"column":2},"end":{"line":30,"column":32}},"13":{"start":{"line":34,"column":0},"end":{"line":47,"column":2}},"14":{"start":{"line":35,"column":2},"end":{"line":45,"column":3}},"15":{"start":{"line":36,"column":4},"end":{"line":44,"column":5}},"16":{"start":{"line":38,"column":6},"end":{"line":38,"column":39}},"17":{"start":{"line":39,"column":11},"end":{"line":44,"column":5}},"18":{"start":{"line":41,"column":6},"end":{"line":41,"column":52}},"19":{"start":{"line":43,"column":6},"end":{"line":43,"column":16}},"20":{"start":{"line":46,"column":2},"end":{"line":46,"column":11}},"21":{"start":{"line":49,"column":0},"end":{"line":51,"column":2}},"22":{"start":{"line":50,"column":2},"end":{"line":50,"column":42}},"23":{"start":{"line":53,"column":0},"end":{"line":61,"column":2}},"24":{"start":{"line":54,"column":2},"end":{"line":59,"column":4}},"25":{"start":{"line":55,"column":4},"end":{"line":58,"column":7}},"26":{"start":{"line":56,"column":6},"end":{"line":56,"column":34}},"27":{"start":{"line":56,"column":15},"end":{"line":56,"column":34}},"28":{"start":{"line":57,"column":6},"end":{"line":57,"column":29}},"29":{"start":{"line":63,"column":0},"end":{"line":71,"column":2}},"30":{"start":{"line":64,"column":2},"end":{"line":69,"column":5}},"31":{"start":{"line":65,"column":4},"end":{"line":68,"column":7}},"32":{"start":{"line":66,"column":6},"end":{"line":66,"column":34}},"33":{"start":{"line":66,"column":15},"end":{"line":66,"column":34}},"34":{"start":{"line":67,"column":6},"end":{"line":67,"column":29}},"35":{"start":{"line":78,"column":0},"end":{"line":86,"column":2}},"36":{"start":{"line":79,"column":21},"end":{"line":79,"column":23}},"37":{"start":{"line":80,"column":2},"end":{"line":84,"column":4}},"38":{"start":{"line":81,"column":4},"end":{"line":83,"column":5}},"39":{"start":{"line":82,"column":6},"end":{"line":82,"column":28}},"40":{"start":{"line":85,"column":2},"end":{"line":85,"column":22}}},"fnMap":{"0":{"name":"(anonymous_0)","decl":{"start":{"line":10,"column":21},"end":{"line":10,"column":22}},"loc":{"start":{"line":10,"column":47},"end":{"line":19,"column":1}},"line":10},"1":{"name":"format","decl":{"start":{"line":27,"column":26},"end":{"line":27,"column":32}},"loc":{"start":{"line":27,"column":50},"end":{"line":31,"column":1}},"line":27},"2":{"name":"(anonymous_2)","decl":{"start":{"line":34,"column":19},"end":{"line":34,"column":20}},"loc":{"start":{"line":34,"column":33},"end":{"line":47,"column":1}},"line":34},"3":{"name":"(anonymous_3)","decl":{"start":{"line":49,"column":21},"end":{"line":49,"column":22}},"loc":{"start":{"line":49,"column":36},"end":{"line":51,"column":1}},"line":49},"4":{"name":"(anonymous_4)","decl":{"start":{"line":53,"column":16},"end":{"line":53,"column":17}},"loc":{"start":{"line":53,"column":31},"end":{"line":61,"column":1}},"line":53},"5":{"name":"(anonymous_5)","decl":{"start":{"line":54,"column":21},"end":{"line":54,"column":22}},"loc":{"start":{"line":54,"column":47},"end":{"line":59,"column":3}},"line":54},"6":{"name":"(anonymous_6)","decl":{"start":{"line":55,"column":25},"end":{"line":55,"column":26}},"loc":{"start":{"line":55,"column":47},"end":{"line":58,"column":5}},"line":55},"7":{"name":"(anonymous_7)","decl":{"start":{"line":63,"column":19},"end":{"line":63,"column":20}},"loc":{"start":{"line":63,"column":40},"end":{"line":71,"column":1}},"line":63},"8":{"name":"(anonymous_8)","decl":{"start":{"line":64,"column":21},"end":{"line":64,"column":22}},"loc":{"start":{"line":64,"column":48},"end":{"line":69,"column":3}},"line":64},"9":{"name":"(anonymous_9)","decl":{"start":{"line":65,"column":30},"end":{"line":65,"column":31}},"loc":{"start":{"line":65,"column":52},"end":{"line":68,"column":5}},"line":65},"10":{"name":"getCategoryName","decl":{"start":{"line":78,"column":35},"end":{"line":78,"column":50}},"loc":{"start":{"line":78,"column":61},"end":{"line":86,"column":1}},"line":78},"11":{"name":"(anonymous_11)","decl":{"start":{"line":80,"column":22},"end":{"line":80,"column":23}},"loc":{"start":{"line":80,"column":36},"end":{"line":84,"column":3}},"line":80}},"branchMap":{"0":{"loc":{"start":{"line":13,"column":2},"end":{"line":17,"column":3}},"type":"if","locations":[{"start":{"line":13,"column":2},"end":{"line":17,"column":3}},{"start":{"line":13,"column":2},"end":{"line":17,"column":3}}],"line":13},"1":{"loc":{"start":{"line":35,"column":2},"end":{"line":45,"column":3}},"type":"if","locations":[{"start":{"line":35,"column":2},"end":{"line":45,"column":3}},{"start":{"line":35,"column":2},"end":{"line":45,"column":3}}],"line":35},"2":{"loc":{"start":{"line":36,"column":4},"end":{"line":44,"column":5}},"type":"if","locations":[{"start":{"line":36,"column":4},"end":{"line":44,"column":5}},{"start":{"line":36,"column":4},"end":{"line":44,"column":5}}],"line":36},"3":{"loc":{"start":{"line":39,"column":11},"end":{"line":44,"column":5}},"type":"if","locations":[{"start":{"line":39,"column":11},"end":{"line":44,"column":5}},{"start":{"line":39,"column":11},"end":{"line":44,"column":5}}],"line":39},"4":{"loc":{"start":{"line":56,"column":6},"end":{"line":56,"column":34}},"type":"if","locations":[{"start":{"line":56,"column":6},"end":{"line":56,"column":34}},{"start":{"line":56,"column":6},"end":{"line":56,"column":34}}],"line":56},"5":{"loc":{"start":{"line":66,"column":6},"end":{"line":66,"column":34}},"type":"if","locations":[{"start":{"line":66,"column":6},"end":{"line":66,"column":34}},{"start":{"line":66,"column":6},"end":{"line":66,"column":34}}],"line":66},"6":{"loc":{"start":{"line":81,"column":4},"end":{"line":83,"column":5}},"type":"if","locations":[{"start":{"line":81,"column":4},"end":{"line":83,"column":5}},{"start":{"line":81,"column":4},"end":{"line":83,"column":5}}],"line":81}},"s":{"0":1,"1":1,"2":1,"3":1,"4":1,"5":1,"6":2,"7":2,"8":1,"9":1,"10":1,"11":0,"12":0,"13":1,"14":4,"15":3,"16":1,"17":2,"18":1,"19":1,"20":1,"21":1,"22":2,"23":1,"24":1,"25":1,"26":1,"27":0,"28":1,"29":1,"30":1,"31":1,"32":1,"33":0,"34":1,"35":1,"36":0,"37":0,"38":0,"39":0,"40":0},"f":{"0":2,"1":0,"2":4,"3":2,"4":1,"5":1,"6":1,"7":1,"8":1,"9":1,"10":0,"11":0},"b":{"0":[1,1],"1":[3,1],"2":[1,2],"3":[1,1],"4":[0,1],"5":[0,1],"6":[0,0]},"_coverageSchema":"43e27e138ebf9cfc5966b082cf9a028302ed4184","hash":"1563a6390ddb9ff0aecf7993afa5d1b1b77f033c","contentHash":"b723af003f69ccbed6a8bc35f0e881fa15810601e4d9a8374decf635de664bf9"},"/Users/yanjixiong/workspace/gaoqi-blog/dao/post_collection.js":{"path":"/Users/yanjixiong/workspace/gaoqi-blog/dao/post_collection.js","statementMap":{"0":{"start":{"line":8,"column":8},"end":{"line":8,"column":25}},"1":{"start":{"line":9,"column":14},"end":{"line":9,"column":33}},"2":{"start":{"line":10,"column":11},"end":{"line":10,"column":28}},"3":{"start":{"line":11,"column":21},"end":{"line":11,"column":56}},"4":{"start":{"line":19,"column":0},"end":{"line":35,"column":1}},"5":{"start":{"line":20,"column":2},"end":{"line":34,"column":7}},"6":{"start":{"line":24,"column":20},"end":{"line":24,"column":53}},"7":{"start":{"line":26,"column":18},"end":{"line":26,"column":43}},"8":{"start":{"line":27,"column":20},"end":{"line":27,"column":61}},"9":{"start":{"line":29,"column":6},"end":{"line":33,"column":11}},"10":{"start":{"line":43,"column":0},"end":{"line":49,"column":1}},"11":{"start":{"line":44,"column":23},"end":{"line":44,"column":43}},"12":{"start":{"line":45,"column":2},"end":{"line":45,"column":34}},"13":{"start":{"line":46,"column":2},"end":{"line":46,"column":34}},"14":{"start":{"line":47,"column":2},"end":{"line":47,"column":24}},"15":{"start":{"line":48,"column":2},"end":{"line":48,"column":41}},"16":{"start":{"line":57,"column":0},"end":{"line":59,"column":1}},"17":{"start":{"line":58,"column":2},"end":{"line":58,"column":67}},"18":{"start":{"line":67,"column":0},"end":{"line":69,"column":1}},"19":{"start":{"line":68,"column":2},"end":{"line":68,"column":75}}},"fnMap":{"0":{"name":"getCollectionPostByUser","decl":{"start":{"line":19,"column":43},"end":{"line":19,"column":66}},"loc":{"start":{"line":19,"column":84},"end":{"line":35,"column":1}},"line":19},"1":{"name":"(anonymous_1)","decl":{"start":{"line":23,"column":10},"end":{"line":23,"column":11}},"loc":{"start":{"line":23,"column":36},"end":{"line":34,"column":5}},"line":23},"2":{"name":"create","decl":{"start":{"line":43,"column":26},"end":{"line":43,"column":32}},"loc":{"start":{"line":43,"column":49},"end":{"line":49,"column":1}},"line":43},"3":{"name":"remove","decl":{"start":{"line":57,"column":26},"end":{"line":57,"column":32}},"loc":{"start":{"line":57,"column":49},"end":{"line":59,"column":1}},"line":57},"4":{"name":"hasCollect","decl":{"start":{"line":67,"column":30},"end":{"line":67,"column":40}},"loc":{"start":{"line":67,"column":57},"end":{"line":69,"column":1}},"line":67}},"branchMap":{},"s":{"0":1,"1":1,"2":1,"3":1,"4":1,"5":0,"6":0,"7":0,"8":0,"9":0,"10":1,"11":0,"12":0,"13":0,"14":0,"15":0,"16":1,"17":0,"18":1,"19":0},"f":{"0":0,"1":0,"2":0,"3":0,"4":0},"b":{},"_coverageSchema":"43e27e138ebf9cfc5966b082cf9a028302ed4184","hash":"a9125c342d8d132260caf24fec27d8ef0c63056b","contentHash":"2335473c7d65f9d84df36be72db2a69e469038360fd811c391e5047655c994dd"},"/Users/yanjixiong/workspace/gaoqi-blog/dao/tag.js":{"path":"/Users/yanjixiong/workspace/gaoqi-blog/dao/tag.js","statementMap":{"0":{"start":{"line":4,"column":14},"end":{"line":4,"column":33}},"1":{"start":{"line":5,"column":13},"end":{"line":5,"column":33}},"2":{"start":{"line":6,"column":10},"end":{"line":6,"column":20}},"3":{"start":{"line":15,"column":0},"end":{"line":17,"column":2}},"4":{"start":{"line":16,"column":2},"end":{"line":16,"column":57}},"5":{"start":{"line":26,"column":0},"end":{"line":29,"column":2}},"6":{"start":{"line":27,"column":2},"end":{"line":27,"column":42}},"7":{"start":{"line":39,"column":0},"end":{"line":41,"column":2}},"8":{"start":{"line":40,"column":2},"end":{"line":40,"column":41}},"9":{"start":{"line":50,"column":0},"end":{"line":52,"column":2}},"10":{"start":{"line":51,"column":2},"end":{"line":51,"column":33}},"11":{"start":{"line":59,"column":0},"end":{"line":65,"column":2}},"12":{"start":{"line":60,"column":12},"end":{"line":60,"column":21}},"13":{"start":{"line":61,"column":2},"end":{"line":61,"column":18}},"14":{"start":{"line":62,"column":2},"end":{"line":62,"column":32}},"15":{"start":{"line":63,"column":2},"end":{"line":63,"column":13}},"16":{"start":{"line":64,"column":2},"end":{"line":64,"column":30}},"17":{"start":{"line":73,"column":0},"end":{"line":75,"column":2}},"18":{"start":{"line":74,"column":2},"end":{"line":74,"column":48}}},"fnMap":{"0":{"name":"(anonymous_0)","decl":{"start":{"line":15,"column":28},"end":{"line":15,"column":29}},"loc":{"start":{"line":15,"column":47},"end":{"line":17,"column":1}},"line":15},"1":{"name":"(anonymous_1)","decl":{"start":{"line":26,"column":23},"end":{"line":26,"column":24}},"loc":{"start":{"line":26,"column":39},"end":{"line":29,"column":1}},"line":26},"2":{"name":"(anonymous_2)","decl":{"start":{"line":39,"column":28},"end":{"line":39,"column":29}},"loc":{"start":{"line":39,"column":50},"end":{"line":41,"column":1}},"line":39},"3":{"name":"(anonymous_3)","decl":{"start":{"line":50,"column":26},"end":{"line":50,"column":27}},"loc":{"start":{"line":50,"column":43},"end":{"line":52,"column":1}},"line":50},"4":{"name":"(anonymous_4)","decl":{"start":{"line":59,"column":21},"end":{"line":59,"column":22}},"loc":{"start":{"line":59,"column":50},"end":{"line":65,"column":1}},"line":59},"5":{"name":"(anonymous_5)","decl":{"start":{"line":73,"column":17},"end":{"line":73,"column":18}},"loc":{"start":{"line":73,"column":48},"end":{"line":75,"column":1}},"line":73}},"branchMap":{},"s":{"0":1,"1":1,"2":1,"3":1,"4":1,"5":1,"6":0,"7":1,"8":1,"9":1,"10":0,"11":1,"12":0,"13":0,"14":0,"15":0,"16":0,"17":1,"18":0},"f":{"0":1,"1":0,"2":1,"3":0,"4":0,"5":0},"b":{},"_coverageSchema":"43e27e138ebf9cfc5966b082cf9a028302ed4184","hash":"2eba4f6d7ab1c0211af1e1cd9615750fc5bfe650","contentHash":"ab17eb927ef0304f767464c27b4a9102fbf1fa0227fb7f85ae6402f2477780f3"},"/Users/yanjixiong/workspace/gaoqi-blog/dao/message.js":{"path":"/Users/yanjixiong/workspace/gaoqi-blog/dao/message.js","statementMap":{"0":{"start":{"line":5,"column":14},"end":{"line":5,"column":33}},"1":{"start":{"line":6,"column":8},"end":{"line":6,"column":25}},"2":{"start":{"line":8,"column":14},"end":{"line":8,"column":42}},"3":{"start":{"line":10,"column":11},"end":{"line":10,"column":28}},"4":{"start":{"line":11,"column":11},"end":{"line":11,"column":28}},"5":{"start":{"line":12,"column":12},"end":{"line":12,"column":30}},"6":{"start":{"line":21,"column":0},"end":{"line":23,"column":2}},"7":{"start":{"line":22,"column":2},"end":{"line":22,"column":64}},"8":{"start":{"line":33,"column":0},"end":{"line":40,"column":2}},"9":{"start":{"line":34,"column":2},"end":{"line":39,"column":7}},"10":{"start":{"line":38,"column":8},"end":{"line":38,"column":43}},"11":{"start":{"line":42,"column":26},"end":{"line":65,"column":1}},"12":{"start":{"line":43,"column":2},"end":{"line":64,"column":3}},"13":{"start":{"line":44,"column":4},"end":{"line":61,"column":9}},"14":{"start":{"line":51,"column":8},"end":{"line":55,"column":11}},"15":{"start":{"line":56,"column":8},"end":{"line":58,"column":9}},"16":{"start":{"line":57,"column":10},"end":{"line":57,"column":36}},"17":{"start":{"line":60,"column":8},"end":{"line":60,"column":40}},"18":{"start":{"line":63,"column":4},"end":{"line":63,"column":47}},"19":{"start":{"line":74,"column":0},"end":{"line":82,"column":2}},"20":{"start":{"line":75,"column":2},"end":{"line":81,"column":12}},"21":{"start":{"line":91,"column":0},"end":{"line":95,"column":2}},"22":{"start":{"line":92,"column":2},"end":{"line":94,"column":12}},"23":{"start":{"line":101,"column":0},"end":{"line":109,"column":2}},"24":{"start":{"line":102,"column":12},"end":{"line":104,"column":4}},"25":{"start":{"line":103,"column":4},"end":{"line":103,"column":16}},"26":{"start":{"line":105,"column":14},"end":{"line":105,"column":54}},"27":{"start":{"line":106,"column":2},"end":{"line":108,"column":12}}},"fnMap":{"0":{"name":"getMessagesCount","decl":{"start":{"line":21,"column":36},"end":{"line":21,"column":52}},"loc":{"start":{"line":21,"column":57},"end":{"line":23,"column":1}},"line":21},"1":{"name":"getMessageById","decl":{"start":{"line":33,"column":34},"end":{"line":33,"column":48}},"loc":{"start":{"line":33,"column":63},"end":{"line":40,"column":1}},"line":33},"2":{"name":"(anonymous_2)","decl":{"start":{"line":37,"column":10},"end":{"line":37,"column":11}},"loc":{"start":{"line":37,"column":28},"end":{"line":39,"column":5}},"line":37},"3":{"name":"(anonymous_3)","decl":{"start":{"line":42,"column":56},"end":{"line":42,"column":57}},"loc":{"start":{"line":42,"column":75},"end":{"line":65,"column":1}},"line":42},"4":{"name":"(anonymous_4)","decl":{"start":{"line":50,"column":14},"end":{"line":50,"column":15}},"loc":{"start":{"line":50,"column":44},"end":{"line":61,"column":7}},"line":50},"5":{"name":"(anonymous_5)","decl":{"start":{"line":74,"column":34},"end":{"line":74,"column":35}},"loc":{"start":{"line":74,"column":52},"end":{"line":82,"column":1}},"line":74},"6":{"name":"(anonymous_6)","decl":{"start":{"line":91,"column":35},"end":{"line":91,"column":36}},"loc":{"start":{"line":91,"column":53},"end":{"line":95,"column":1}},"line":91},"7":{"name":"(anonymous_7)","decl":{"start":{"line":101,"column":31},"end":{"line":101,"column":32}},"loc":{"start":{"line":101,"column":59},"end":{"line":109,"column":1}},"line":101},"8":{"name":"(anonymous_8)","decl":{"start":{"line":102,"column":25},"end":{"line":102,"column":26}},"loc":{"start":{"line":102,"column":38},"end":{"line":104,"column":3}},"line":102}},"branchMap":{"0":{"loc":{"start":{"line":43,"column":2},"end":{"line":64,"column":3}},"type":"if","locations":[{"start":{"line":43,"column":2},"end":{"line":64,"column":3}},{"start":{"line":43,"column":2},"end":{"line":64,"column":3}}],"line":43},"1":{"loc":{"start":{"line":43,"column":6},"end":{"line":43,"column":84}},"type":"binary-expr","locations":[{"start":{"line":43,"column":6},"end":{"line":43,"column":30}},{"start":{"line":43,"column":34},"end":{"line":43,"column":59}},{"start":{"line":43,"column":63},"end":{"line":43,"column":84}}],"line":43},"2":{"loc":{"start":{"line":56,"column":8},"end":{"line":58,"column":9}},"type":"if","locations":[{"start":{"line":56,"column":8},"end":{"line":58,"column":9}},{"start":{"line":56,"column":8},"end":{"line":58,"column":9}}],"line":56},"3":{"loc":{"start":{"line":56,"column":12},"end":{"line":56,"column":31}},"type":"binary-expr","locations":[{"start":{"line":56,"column":12},"end":{"line":56,"column":19}},{"start":{"line":56,"column":23},"end":{"line":56,"column":31}}],"line":56}},"s":{"0":1,"1":1,"2":1,"3":1,"4":1,"5":1,"6":1,"7":0,"8":1,"9":0,"10":0,"11":1,"12":0,"13":0,"14":0,"15":0,"16":0,"17":0,"18":0,"19":1,"20":0,"21":1,"22":0,"23":1,"24":0,"25":0,"26":0,"27":0},"f":{"0":0,"1":0,"2":0,"3":0,"4":0,"5":0,"6":0,"7":0,"8":0},"b":{"0":[0,0],"1":[0,0,0],"2":[0,0],"3":[0,0]},"_coverageSchema":"43e27e138ebf9cfc5966b082cf9a028302ed4184","hash":"dbedd896eac68a2828b7dcde9a4c89d81aa7832d","contentHash":"8638f08efa2d38f631f959c1376e9d407ced1a06041755e1b75d8b220f750e8d"},"/Users/yanjixiong/workspace/gaoqi-blog/common/message.js":{"path":"/Users/yanjixiong/workspace/gaoqi-blog/common/message.js","statementMap":{"0":{"start":{"line":5,"column":14},"end":{"line":5,"column":33}},"1":{"start":{"line":6,"column":19},"end":{"line":6,"column":39}},"2":{"start":{"line":7,"column":19},"end":{"line":7,"column":33}},"3":{"start":{"line":9,"column":0},"end":{"line":18,"column":2}},"4":{"start":{"line":10,"column":16},"end":{"line":10,"column":29}},"5":{"start":{"line":11,"column":2},"end":{"line":11,"column":25}},"6":{"start":{"line":12,"column":2},"end":{"line":12,"column":32}},"7":{"start":{"line":13,"column":2},"end":{"line":13,"column":32}},"8":{"start":{"line":14,"column":2},"end":{"line":14,"column":29}},"9":{"start":{"line":15,"column":2},"end":{"line":15,"column":31}},"10":{"start":{"line":16,"column":2},"end":{"line":16,"column":17}},"11":{"start":{"line":17,"column":2},"end":{"line":17,"column":34}},"12":{"start":{"line":20,"column":0},"end":{"line":30,"column":2}},"13":{"start":{"line":22,"column":16},"end":{"line":22,"column":29}},"14":{"start":{"line":23,"column":2},"end":{"line":23,"column":22}},"15":{"start":{"line":24,"column":2},"end":{"line":24,"column":32}},"16":{"start":{"line":25,"column":2},"end":{"line":25,"column":32}},"17":{"start":{"line":26,"column":2},"end":{"line":26,"column":29}},"18":{"start":{"line":27,"column":2},"end":{"line":27,"column":31}},"19":{"start":{"line":28,"column":2},"end":{"line":28,"column":17}},"20":{"start":{"line":29,"column":2},"end":{"line":29,"column":34}}},"fnMap":{"0":{"name":"(anonymous_0)","decl":{"start":{"line":9,"column":27},"end":{"line":9,"column":28}},"loc":{"start":{"line":9,"column":78},"end":{"line":18,"column":1}},"line":9},"1":{"name":"(anonymous_1)","decl":{"start":{"line":20,"column":24},"end":{"line":20,"column":25}},"loc":{"start":{"line":20,"column":75},"end":{"line":30,"column":1}},"line":20}},"branchMap":{},"s":{"0":1,"1":1,"2":1,"3":1,"4":1,"5":1,"6":1,"7":1,"8":1,"9":1,"10":1,"11":1,"12":1,"13":1,"14":1,"15":1,"16":1,"17":1,"18":1,"19":1,"20":1},"f":{"0":1,"1":1},"b":{},"_coverageSchema":"43e27e138ebf9cfc5966b082cf9a028302ed4184","hash":"61a47971fcf1fc41e107e8800cda1c313940e658","contentHash":"636efbd1a821c46562255a6cfe22798b85adc6a06b363771a3b10843ed3cbd1c"},"/Users/yanjixiong/workspace/gaoqi-blog/middleware/online.js":{"path":"/Users/yanjixiong/workspace/gaoqi-blog/middleware/online.js","statementMap":{"0":{"start":{"line":6,"column":16},"end":{"line":6,"column":42}},"1":{"start":{"line":14,"column":0},"end":{"line":19,"column":2}},"2":{"start":{"line":15,"column":2},"end":{"line":17,"column":3}},"3":{"start":{"line":16,"column":4},"end":{"line":16,"column":65}},"4":{"start":{"line":18,"column":2},"end":{"line":18,"column":9}},"5":{"start":{"line":25,"column":0},"end":{"line":27,"column":2}},"6":{"start":{"line":26,"column":2},"end":{"line":26,"column":39}},"7":{"start":{"line":35,"column":2},"end":{"line":35,"column":25}}},"fnMap":{"0":{"name":"(anonymous_0)","decl":{"start":{"line":14,"column":22},"end":{"line":14,"column":23}},"loc":{"start":{"line":14,"column":47},"end":{"line":19,"column":1}},"line":14},"1":{"name":"(anonymous_1)","decl":{"start":{"line":25,"column":19},"end":{"line":25,"column":20}},"loc":{"start":{"line":25,"column":36},"end":{"line":27,"column":1}},"line":25},"2":{"name":"encode","decl":{"start":{"line":34,"column":9},"end":{"line":34,"column":15}},"loc":{"start":{"line":34,"column":21},"end":{"line":36,"column":1}},"line":34}},"branchMap":{"0":{"loc":{"start":{"line":15,"column":2},"end":{"line":17,"column":3}},"type":"if","locations":[{"start":{"line":15,"column":2},"end":{"line":17,"column":3}},{"start":{"line":15,"column":2},"end":{"line":17,"column":3}}],"line":15}},"s":{"0":1,"1":1,"2":8,"3":0,"4":8,"5":1,"6":0,"7":0},"f":{"0":8,"1":0,"2":0},"b":{"0":[0,8]},"_coverageSchema":"43e27e138ebf9cfc5966b082cf9a028302ed4184","hash":"ea9f49b44da12afe8303826996b31079aad573ee","contentHash":"f26e7856f18678f3570fe1cd18b9c73b81562dbf4b2c28e00d4f8350fdbc8518"},"/Users/yanjixiong/workspace/gaoqi-blog/common/cache.js":{"path":"/Users/yanjixiong/workspace/gaoqi-blog/common/cache.js","statementMap":{"0":{"start":{"line":4,"column":14},"end":{"line":4,"column":33}},"1":{"start":{"line":5,"column":12},"end":{"line":5,"column":30}},"2":{"start":{"line":11,"column":10},"end":{"line":17,"column":1}},"3":{"start":{"line":12,"column":2},"end":{"line":16,"column":9}},"4":{"start":{"line":15,"column":8},"end":{"line":15,"column":49}},"5":{"start":{"line":19,"column":0},"end":{"line":19,"column":18}},"6":{"start":{"line":29,"column":10},"end":{"line":37,"column":1}},"7":{"start":{"line":30,"column":2},"end":{"line":30,"column":32}},"8":{"start":{"line":31,"column":2},"end":{"line":36,"column":3}},"9":{"start":{"line":32,"column":4},"end":{"line":32,"column":33}},"10":{"start":{"line":35,"column":4},"end":{"line":35,"column":51}},"11":{"start":{"line":39,"column":0},"end":{"line":39,"column":18}}},"fnMap":{"0":{"name":"(anonymous_0)","decl":{"start":{"line":11,"column":10},"end":{"line":11,"column":11}},"loc":{"start":{"line":11,"column":25},"end":{"line":17,"column":1}},"line":11},"1":{"name":"(anonymous_1)","decl":{"start":{"line":14,"column":12},"end":{"line":14,"column":13}},"loc":{"start":{"line":14,"column":28},"end":{"line":16,"column":7}},"line":14},"2":{"name":"(anonymous_2)","decl":{"start":{"line":29,"column":10},"end":{"line":29,"column":11}},"loc":{"start":{"line":29,"column":38},"end":{"line":37,"column":1}},"line":29}},"branchMap":{"0":{"loc":{"start":{"line":31,"column":2},"end":{"line":36,"column":3}},"type":"if","locations":[{"start":{"line":31,"column":2},"end":{"line":36,"column":3}},{"start":{"line":31,"column":2},"end":{"line":36,"column":3}}],"line":31}},"s":{"0":1,"1":1,"2":1,"3":8,"4":8,"5":1,"6":1,"7":9,"8":9,"9":1,"10":8,"11":1},"f":{"0":8,"1":8,"2":9},"b":{"0":[1,8]},"_coverageSchema":"43e27e138ebf9cfc5966b082cf9a028302ed4184","hash":"afce33cf0d291a06ac1fa5cc1a999212ce68e30a","contentHash":"87a4df8211513fa836baafad0cde11b37bed1b6db24a0252390ccd71b3037be6"},"/Users/yanjixiong/workspace/gaoqi-blog/common/mail.js":{"path":"/Users/yanjixiong/workspace/gaoqi-blog/common/mail.js","statementMap":{"0":{"start":{"line":1,"column":20},"end":{"line":1,"column":41}},"1":{"start":{"line":2,"column":20},"end":{"line":2,"column":56}},"2":{"start":{"line":3,"column":13},"end":{"line":3,"column":33}},"3":{"start":{"line":4,"column":11},"end":{"line":4,"column":26}},"4":{"start":{"line":6,"column":16},"end":{"line":6,"column":71}},"5":{"start":{"line":7,"column":20},"end":{"line":7,"column":43}},"6":{"start":{"line":13,"column":15},"end":{"line":22,"column":1}},"7":{"start":{"line":15,"column":2},"end":{"line":21,"column":5}},"8":{"start":{"line":16,"column":4},"end":{"line":19,"column":5}},"9":{"start":{"line":18,"column":6},"end":{"line":18,"column":23}},"10":{"start":{"line":20,"column":4},"end":{"line":20,"column":20}},"11":{"start":{"line":23,"column":0},"end":{"line":23,"column":28}},"12":{"start":{"line":31,"column":0},"end":{"line":47,"column":2}},"13":{"start":{"line":32,"column":13},"end":{"line":32,"column":76}},"14":{"start":{"line":33,"column":11},"end":{"line":33,"column":14}},"15":{"start":{"line":34,"column":16},"end":{"line":34,"column":37}},"16":{"start":{"line":35,"column":13},"end":{"line":39,"column":36}},"17":{"start":{"line":41,"column":2},"end":{"line":46,"column":5}},"18":{"start":{"line":55,"column":0},"end":{"line":71,"column":2}},"19":{"start":{"line":56,"column":13},"end":{"line":56,"column":76}},"20":{"start":{"line":57,"column":11},"end":{"line":57,"column":14}},"21":{"start":{"line":58,"column":16},"end":{"line":58,"column":37}},"22":{"start":{"line":59,"column":13},"end":{"line":63,"column":36}},"23":{"start":{"line":65,"column":2},"end":{"line":70,"column":5}},"24":{"start":{"line":82,"column":0},"end":{"line":107,"column":2}},"25":{"start":{"line":83,"column":13},"end":{"line":83,"column":76}},"26":{"start":{"line":84,"column":11},"end":{"line":84,"column":14}},"27":{"start":{"line":85,"column":16},"end":{"line":85,"column":36}},"28":{"start":{"line":87,"column":13},"end":{"line":99,"column":10}},"29":{"start":{"line":101,"column":2},"end":{"line":106,"column":5}}},"fnMap":{"0":{"name":"(anonymous_0)","decl":{"start":{"line":13,"column":15},"end":{"line":13,"column":16}},"loc":{"start":{"line":13,"column":31},"end":{"line":22,"column":1}},"line":13},"1":{"name":"(anonymous_1)","decl":{"start":{"line":15,"column":27},"end":{"line":15,"column":28}},"loc":{"start":{"line":15,"column":42},"end":{"line":21,"column":3}},"line":15},"2":{"name":"(anonymous_2)","decl":{"start":{"line":31,"column":25},"end":{"line":31,"column":26}},"loc":{"start":{"line":31,"column":53},"end":{"line":47,"column":1}},"line":31},"3":{"name":"(anonymous_3)","decl":{"start":{"line":55,"column":28},"end":{"line":55,"column":29
[...]
olumn":22},"end":{"line":32,"column":24}},"14":{"start":{"line":33,"column":6},"end":{"line":38,"column":9}},"15":{"start":{"line":34,"column":8},"end":{"line":36,"column":9}},"16":{"start":{"line":35,"column":10},"end":{"line":35,"column":24}},"17":{"start":{"line":37,"column":8},"end":{"line":37,"column":41}},"18":{"start":{"line":39,"column":6},"end":{"line":44,"column":7}},"19":{"start":{"line":40,"column":8},"end":{"line":42,"column":9}},"20":{"start":{"line":41,"column":10},"end":{"line":41,"column":26}},"21":{"start":{"line":43,"column":8},"end":{"line":43,"column":40}},"22":{"start":{"line":45,"column":6},"end":{"line":45,"column":70}},"23":{"start":{"line":48,"column":6},"end":{"line":48,"column":16}},"24":{"start":{"line":58,"column":0},"end":{"line":108,"column":2}},"25":{"start":{"line":59,"column":13},"end":{"line":59,"column":42}},"26":{"start":{"line":60,"column":2},"end":{"line":60,"column":32}},"27":{"start":{"line":61,"column":20},"end":{"line":61,"column":56}},"28":{"start":{"line":62,"column":2},"end":{"line":62,"column":46}},"29":{"start":{"line":66,"column":2},"end":{"line":68,"column":3}},"30":{"start":{"line":67,"column":4},"end":{"line":67,"column":26}},"31":{"start":{"line":71,"column":2},"end":{"line":76,"column":3}},"32":{"start":{"line":72,"column":4},"end":{"line":72,"column":20}},"33":{"start":{"line":73,"column":4},"end":{"line":75,"column":7}},"34":{"start":{"line":79,"column":2},"end":{"line":107,"column":7}},"35":{"start":{"line":82,"column":6},"end":{"line":103,"column":7}},"36":{"start":{"line":83,"column":8},"end":{"line":96,"column":9}},"37":{"start":{"line":84,"column":10},"end":{"line":84,"column":40}},"38":{"start":{"line":85,"column":10},"end":{"line":85,"column":37}},"39":{"start":{"line":86,"column":10},"end":{"line":86,"column":21}},"40":{"start":{"line":87,"column":10},"end":{"line":91,"column":13}},"41":{"start":{"line":93,"column":10},"end":{"line":95,"column":13}},"42":{"start":{"line":98,"column":8},"end":{"line":102,"column":13}},"43":{"start":{"line":101,"column":12},"end":{"line":101,"column":56}},"44":{"start":{"line":106,"column":6},"end":{"line":106,"column":16}},"45":{"start":{"line":116,"column":0},"end":{"line":126,"column":2}},"46":{"start":{"line":117,"column":13},"end":{"line":117,"column":29}},"47":{"start":{"line":118,"column":15},"end":{"line":118,"column":45}},"48":{"start":{"line":119,"column":2},"end":{"line":123,"column":3}},"49":{"start":{"line":120,"column":4},"end":{"line":120,"column":46}},"50":{"start":{"line":121,"column":9},"end":{"line":123,"column":3}},"51":{"start":{"line":122,"column":4},"end":{"line":122,"column":59}},"52":{"start":{"line":125,"column":2},"end":{"line":125,"column":43}},"53":{"start":{"line":134,"column":0},"end":{"line":136,"column":2}}},"fnMap":{"0":{"name":"(anonymous_0)","decl":{"start":{"line":13,"column":27},"end":{"line":13,"column":28}},"loc":{"start":{"line":13,"column":53},"end":{"line":50,"column":1}},"line":13},"1":{"name":"(anonymous_1)","decl":{"start":{"line":25,"column":10},"end":{"line":25,"column":11}},"loc":{"start":{"line":25,"column":25},"end":{"line":46,"column":5}},"line":25},"2":{"name":"(anonymous_2)","decl":{"start":{"line":33,"column":19},"end":{"line":33,"column":20}},"loc":{"start":{"line":33,"column":34},"end":{"line":38,"column":7}},"line":33},"3":{"name":"(anonymous_3)","decl":{"start":{"line":47,"column":11},"end":{"line":47,"column":12}},"loc":{"start":{"line":47,"column":25},"end":{"line":49,"column":5}},"line":47},"4":{"name":"(anonymous_4)","decl":{"start":{"line":58,"column":17},"end":{"line":58,"column":18}},"loc":{"start":{"line":58,"column":43},"end":{"line":108,"column":1}},"line":58},"5":{"name":"(anonymous_5)","decl":{"start":{"line":81,"column":10},"end":{"line":81,"column":11}},"loc":{"start":{"line":81,"column":24},"end":{"line":104,"column":5}},"line":81},"6":{"name":"(anonymous_6)","decl":{"start":{"line":100,"column":16},"end":{"line":100,"column":17}},"loc":{"start":{"line":100,"column":30},"end":{"line":102,"column":11}},"line":100},"7":{"name":"(anonymous_7)","decl":{"start":{"line":105,"column":11},"end":{"line":105,"column":12}},"loc":{"start":{"line":105,"column":25},"end":{"line":107,"column":5}},"line":105},"8":{"name":"(anonymous_8)","decl":{"start":{"line":116,"column":17},"end":{"line":116,"column":18}},"loc":{"start":{"line":116,"column":43},"end":{"line":126,"column":1}},"line":116},"9":{"name":"(anonymous_9)","decl":{"start":{"line":134,"column":19},"end":{"line":134,"column":20}},"loc":{"start":{"line":134,"column":45},"end":{"line":136,"column":1}},"line":134}},"branchMap":{"0":{"loc":{"start":{"line":16,"column":2},"end":{"line":18,"column":3}},"type":"if","locations":[{"start":{"line":16,"column":2},"end":{"line":18,"column":3}},{"start":{"line":16,"column":2},"end":{"line":18,"column":3}}],"line":16},"1":{"loc":{"start":{"line":27,"column":6},"end":{"line":29,"column":7}},"type":"if","locations":[{"start":{"line":27,"column":6},"end":{"line":29,"column":7}},{"start":{"line":27,"column":6},"end":{"line":29,"column":7}}],"line":27},"2":{"loc":{"start":{"line":34,"column":8},"end":{"line":36,"column":9}},"type":"if","locations":[{"start":{"line":34,"column":8},"end":{"line":36,"column":9}},{"start":{"line":34,"column":8},"end":{"line":36,"column":9}}],"line":34},"3":{"loc":{"start":{"line":39,"column":6},"end":{"line":44,"column":7}},"type":"if","locations":[{"start":{"line":39,"column":6},"end":{"line":44,"column":7}},{"start":{"line":39,"column":6},"end":{"line":44,"column":7}}],"line":39},"4":{"loc":{"start":{"line":40,"column":8},"end":{"line":42,"column":9}},"type":"if","locations":[{"start":{"line":40,"column":8},"end":{"line":42,"column":9}},{"start":{"line":40,"column":8},"end":{"line":42,"column":9}}],"line":40},"5":{"loc":{"start":{"line":66,"column":2},"end":{"line":68,"column":3}},"type":"if","locations":[{"start":{"line":66,"column":2},"end":{"line":68,"column":3}},{"start":{"line":66,"column":2},"end":{"line":68,"column":3}}],"line":66},"6":{"loc":{"start":{"line":71,"column":2},"end":{"line":76,"column":3}},"type":"if","locations":[{"start":{"line":71,"column":2},"end":{"line":76,"column":3}},{"start":{"line":71,"column":2},"end":{"line":76,"column":3}}],"line":71},"7":{"loc":{"start":{"line":82,"column":6},"end":{"line":103,"column":7}},"type":"if","locations":[{"start":{"line":82,"column":6},"end":{"line":103,"column":7}},{"start":{"line":82,"column":6},"end":{"line":103,"column":7}}],"line":82},"8":{"loc":{"start":{"line":83,"column":8},"end":{"line":96,"column":9}},"type":"if","locations":[{"start":{"line":83,"column":8},"end":{"line":96,"column":9}},{"start":{"line":83,"column":8},"end":{"line":96,"column":9}}],"line":83},"9":{"loc":{"start":{"line":119,"column":2},"end":{"line":123,"column":3}},"type":"if","locations":[{"start":{"line":119,"column":2},"end":{"line":123,"column":3}},{"start":{"line":119,"column":2},"end":{"line":123,"column":3}}],"line":119},"10":{"loc":{"start":{"line":121,"column":9},"end":{"line":123,"column":3}},"type":"if","locations":[{"start":{"line":121,"column":9},"end":{"line":123,"column":3}},{"start":{"line":121,"column":9},"end":{"line":123,"column":3}}],"line":121}},"s":{"0":1,"1":1,"2":1,"3":0,"4":0,"5":0,"6":0,"7":0,"8":0,"9":0,"10":0,"11":0,"12":0,"13":0,"14":0,"15":0,"16":0,"17":0,"18":0,"19":0,"20":0,"21":0,"22":0,"23":0,"24":1,"25":0,"26":0,"27":0,"28":0,"29":0,"30":0,"31":0,"32":0,"33":0,"34":0,"35":0,"36":0,"37":0,"38":0,"39":0,"40":0,"41":0,"42":0,"43":0,"44":0,"45":1,"46":0,"47":0,"48":0,"49":0,"50":0,"51":0,"52":0,"53":1},"f":{"0":0,"1":0,"2":0,"3":0,"4":0,"5":0,"6":0,"7":0,"8":0,"9":0},"b":{"0":[0,0],"1":[0,0],"2":[0,0],"3":[0,0],"4":[0,0],"5":[0,0],"6":[0,0],"7":[0,0],"8":[0,0],"9":[0,0],"10":[0,0]},"_coverageSchema":"43e27e138ebf9cfc5966b082cf9a028302ed4184","hash":"f8b4e0c32cad9402437db2a106cf8385359abb01","contentHash":"508342f2bd19bebfd19823ece756c079c1925c3f5d486e68199a99427f59b5a3"},"/Users/yanjixiong/workspace/gaoqi-blog/api/post.js":{"path":"/Users/yanjixiong/workspace/gaoqi-blog/api/post.js","statementMap":{"0":{"start":{"line":5,"column":16},"end":{"line":5,"column":36}},"1":{"start":{"line":6,"column":11},"end":{"line":6,"column":33}},"2":{"start":{"line":7,"column":11},"end":{"line":7,"column":33}},"3":{"start":{"line":8,"column":10},"end":{"line":8,"column":31}},"4":{"start":{"line":9,"column":14},"end":{"line":9,"column":38}},"5":{"start":{"line":17,"column":0},"end":{"line":81,"column":2}},"6":{"start":{"line":18,"column":17},"end":{"line":18,"column":50}},"7":{"start":{"line":19,"column":2},"end":{"line":19,"column":40}},"8":{"start":{"line":20,"column":14},"end":{"line":20,"column":44}},"9":{"start":{"line":21,"column":2},"end":{"line":21,"column":34}},"10":{"start":{"line":22,"column":20},"end":{"line":22,"column":56}},"11":{"start":{"line":23,"column":2},"end":{"line":23,"column":46}},"12":{"start":{"line":24,"column":16},"end":{"line":24,"column":48}},"13":{"start":{"line":25,"column":13},"end":{"line":25,"column":42}},"14":{"start":{"line":26,"column":15},"end":{"line":27,"column":50}},"15":{"start":{"line":31,"column":2},"end":{"line":41,"column":3}},"16":{"start":{"line":32,"column":4},"end":{"line":32,"column":27}},"17":{"start":{"line":33,"column":9},"end":{"line":41,"column":3}},"18":{"start":{"line":34,"column":4},"end":{"line":34,"column":29}},"19":{"start":{"line":35,"column":9},"end":{"line":41,"column":3}},"20":{"start":{"line":36,"column":4},"end":{"line":36,"column":39}},"21":{"start":{"line":37,"column":9},"end":{"line":41,"column":3}},"22":{"start":{"line":38,"column":4},"end":{"line":38,"column":35}},"23":{"start":{"line":39,"column":9},"end":{"line":41,"column":3}},"24":{"start":{"line":40,"column":4},"end":{"line":40,"column":25}},"25":{"start":{"line":44,"column":2},"end":{"line":49,"column":3}},"26":{"start":{"line":45,"column":4},"end":{"line":45,"column":20}},"27":{"start":{"line":46,"column":4},"end":{"line":48,"column":7}},"28":{"start":{"line":51,"column":15},"end":{"line":51,"column":42}},"29":{"start":{"line":52,"column":2},"end":{"line":52,"column":54}},"30":{"start":{"line":54,"column":2},"end":{"line":80,"column":7}},"31":{"start":{"line":57,"column":6},"end":{"line":70,"column":10}},"32":{"start":{"line":60,"column":10},"end":{"line":60,"column":26}},"33":{"start":{"line":61,"column":10},"end":{"line":61,"column":31}},"34":{"start":{"line":62,"column":10},"end":{"line":62,"column":22}},"35":{"start":{"line":63,"column":10},"end":{"line":63,"column":26}},"36":{"start":{"line":66,"column":10},"end":{"line":69,"column":13}},"37":{"start":{"line":73,"column":6},"end":{"line":73,"column":47}},"38":{"start":{"line":74,"column":6},"end":{"line":76,"column":9}},"39":{"start":{"line":75,"column":8},"end":{"line":75,"column":32}},"40":{"start":{"line":79,"column":6},"end":{"line":79,"column":16}}},"fnMap":{"0":{"name":"(anonymous_0)","decl":{"start":{"line":17,"column":17},"end":{"line":17,"column":18}},"loc":{"start":{"line":17,"column":43},"end":{"line":81,"column":1}},"line":17},"1":{"name":"(anonymous_1)","decl":{"start":{"line":56,"column":10},"end":{"line":56,"column":11}},"loc":{"start":{"line":56,"column":25},"end":{"line":71,"column":5}},"line":56},"2":{"name":"(anonymous_2)","decl":{"start":{"line":59,"column":14},"end":{"line":59,"column":15}},"loc":{"start":{"line":59,"column":29},"end":{"line":64,"column":9}},"line":59},"3":{"name":"(anonymous_3)","decl":{"start":{"line":65,"column":14},"end":{"line":65,"column":15}},"loc":{"start":{"line":65,"column":25},"end":{"line":70,"column":9}},"line":65},"4":{"name":"(anonymous_4)","decl":{"start":{"line":72,"column":10},"end":{"line":72,"column":11}},"loc":{"start":{"line":72,"column":21},"end":{"line":77,"column":5}},"line":72},"5":{"name":"(anonymous_5)","decl":{"start":{"line":74,"column":21},"end":{"line":74,"column":22}},"loc":{"start":{"line":74,"column":36},"end":{"line":76,"column":7}},"line":74},"6":{"name":"(anonymous_6)","decl":{"start":{"line":78,"column":11},"end":{"line":78,"column":12}},"loc":{"start":{"line":78,"column":25},"end":{"line":80,"column":5}},"line":78}},"branchMap":{"0":{"loc":{"start":{"line":26,"column":15},"end":{"line":27,"column":50}},"type":"cond-expr","locations":[{"start":{"line":27,"column":4},"end":{"line":27,"column":5}},{"start":{"line":27,"column":8},"end":{"line":27,"column":50}}],"line":26},"1":{"loc":{"start":{"line":31,"column":2},"end":{"line":41,"column":3}},"type":"if","locations":[{"start":{"line":31,"column":2},"end":{"line":41,"column":3}},{"start":{"line":31,"column":2},"end":{"line":41,"column":3}}],"line":31},"2":{"loc":{"start":{"line":33,"column":9},"end":{"line":41,"column":3}},"type":"if","locations":[{"start":{"line":33,"column":9},"end":{"line":41,"column":3}},{"start":{"line":33,"column":9},"end":{"line":41,"column":3}}],"line":33},"3":{"loc":{"start":{"line":33,"column":13},"end":{"line":33,"column":51}},"type":"binary-expr","locations":[{"start":{"line":33,"column":13},"end":{"line":33,"column":29}},{"start":{"line":33,"column":33},"end":{"line":33,"column":51}}],"line":33},"4":{"loc":{"start":{"line":35,"column":9},"end":{"line":41,"column":3}},"type":"if","locations":[{"start":{"line":35,"column":9},"end":{"line":41,"column":3}},{"start":{"line":35,"column":9},"end":{"line":41,"column":3}}],"line":35},"5":{"loc":{"start":{"line":37,"column":9},"end":{"line":41,"column":3}},"type":"if","locations":[{"start":{"line":37,"column":9},"end":{"line":41,"column":3}},{"start":{"line":37,"column":9},"end":{"line":41,"column":3}}],"line":37},"6":{"loc":{"start":{"line":39,"column":9},"end":{"line":41,"column":3}},"type":"if","locations":[{"start":{"line":39,"column":9},"end":{"line":41,"column":3}},{"start":{"line":39,"column":9},"end":{"line":41,"column":3}}],"line":39},"7":{"loc":{"start":{"line":44,"column":2},"end":{"line":49,"column":3}},"type":"if","locations":[{"start":{"line":44,"column":2},"end":{"line":49,"column":3}},{"start":{"line":44,"column":2},"end":{"line":49,"column":3}}],"line":44},"8":{"loc":{"start":{"line":51,"column":15},"end":{"line":51,"column":42}},"type":"cond-expr","locations":[{"start":{"line":51,"column":22},"end":{"line":51,"column":37}},{"start":{"line":51,"column":40},"end":{"line":51,"column":42}}],"line":51},"9":{"loc":{"start":{"line":52,"column":12},"end":{"line":52,"column":53}},"type":"cond-expr","locations":[{"start":{"line":52,"column":27},"end":{"line":52,"column":43}},{"start":{"line":52,"column":46},"end":{"line":52,"column":53}}],"line":52},"10":{"loc":{"start":{"line":73,"column":15},"end":{"line":73,"column":46}},"type":"cond-expr","locations":[{"start":{"line":73,"column":35},"end":{"line":73,"column":41}},{"start":{"line":73,"column":44},"end":{"line":73,"column":46}}],"line":73}},"s":{"0":1,"1":1,"2":1,"3":1,"4":1,"5":1,"6":0,"7":0,"8":0,"9":0,"10":0,"11":0,"12":0,"13":0,"14":0,"15":0,"16":0,"17":0,"18":0,"19":0,"20":0,"21":0,"22":0,"23":0,"24":0,"25":0,"26":0,"27":0,"28":0,"29":0,"30":0,"31":0,"32":0,"33":0,"34":0,"35":0,"36":0,"37":0,"38":0,"39":0,"40":0},"f":{"0":0,"1":0,"2":0,"3":0,"4":0,"5":0,"6":0},"b":{"0":[0,0],"1":[0,0],"2":[0,0],"3":[0,0],"4":[0,0],"5":[0,0],"6":[0,0],"7":[0,0],"8":[0,0],"9":[0,0],"10":[0,0]},"_coverageSchema":"43e27e138ebf9cfc5966b082cf9a028302ed4184","hash":"14eb084e44d7a1fe09cae965ac0f2635e0ff8500","contentHash":"53f907ef19cd5d93ccb17d9e8262c2c1fce753c58c11a895f34a27f62a02d2a3"},"/Users/yanjixiong/workspace/gaoqi-blog/api/filter.js":{"path":"/Users/yanjixiong/workspace/gaoqi-blog/api/filter.js","statementMap":{"0":{"start":{"line":5,"column":16},"end":{"line":5,"column":41}},"1":{"start":{"line":6,"column":16},"end":{"line":6,"column":36}},"2":{"start":{"line":14,"column":11},"end":{"line":29,"column":1}},"3":{"start":{"line":15,"column":20},"end":{"line":15,"column":65}},"4":{"start":{"line":16,"column":2},"end":{"line":16,"column":44}},"5":{"start":{"line":17,"column":2},"end":{"line":17,"column":27}},"6":{"start":{"line":18,"column":2},"end":{"line":28,"column":7}},"7":{"start":{"line":22,"column":6},"end":{"line":25,"column":7}},"8":{"start":{"line":23,"column":8},"end":{"line":23,"column":24}},"9":{"start":{"line":24,"column":8},"end":{"line":24,"column":58}},"10":{"start":{"line":26,"column":6},"end":{"line":26,"column":22}},"11":{"start":{"line":27,"column":6},"end":{"line":27,"column":13}},"12":{"start":{"line":31,"column":0},"end":{"line":31,"column":20}}},"fnMap":{"0":{"name":"(anonymous_0)","decl":{"start":{"line":14,"column":11},"end":{"line":14,"column":12}},"loc":{"start":{"line":14,"column":37},"end":{"line":29,"column":1}},"line":14},"1":{"name":"(anonymous_1)","decl":{"start":{"line":21,"column":10},"end":{"line":21,"column":11}},"loc":{"start":{"line":21,"column":25},"end":{"line":28,"column":5}},"line":21}},"branchMap":{"0":{"loc":{"start":{"line":15,"column":20},"end":{"line":15,"column":65}},"type":"binary-expr","locations":[{"start":{"line":15,"column":20},"end":{"line":15,"column":40}},{"start":{"line":15,"column":44},"end":{"line":15,"column":65}}],"line":15},"1":{"loc":{"start":{"line":22,"column":6},"end":{"line":25,"column":7}},"type":"if","locations":[{"start":{"line":22,"column":6},"end":{"line":25,"column":7}},{"start":{"line":22,"column":6},"end":{"line":25,"column":7}}],"line":22}},"s":{"0":1,"1":1,"2":1,"3":0,"4":0,"5":0,"6":0,"7":0,"8":0,"9":0,"10":0,"11":0,"12":1},"f":{"0":0,"1":0},"b":{"0":[0,0],"1":[0,0]},"_coverageSchema":"43e27e138ebf9cfc5966b082cf9a028302ed4184","hash":"73a52525306a374767c5f064c6dc7ad3cc6d8792","contentHash":"cc0c1fb83c197199f7a4ef8d271c42bdc5b4073aca78c2463d3cc19e06809042"},"/Users/yanjixiong/workspace/gaoqi-blog/middleware/wrap.js":{"path":"/Users/yanjixiong/workspace/gaoqi-blog/middleware/wrap.js","statementMap":{"0":{"start":{"line":6,"column":0},"end":{"line":22,"column":2}},"1":{"start":{"line":8,"column":4},"end":{"line":11,"column":6}},"2":{"start":{"line":9,"column":6},"end":{"line":9,"column":34}},"3":{"start":{"line":9,"column":27},"end":{"line":9,"column":34}},"4":{"start":{"line":10,"column":6},"end":{"line":10,"column":32}},"5":{"start":{"line":12,"column":4},"end":{"line":12,"column":10}},"6":{"start":{"line":16,"column":4},"end":{"line":19,"column":6}},"7":{"start":{"line":17,"column":6},"end":{"line":17,"column":34}},"8":{"start":{"line":17,"column":27},"end":{"line":17,"column":34}},"9":{"start":{"line":18,"column":6},"end":{"line":18,"column":21}},"10":{"start":{"line":20,"column":4},"end":{"line":20,"column":10}}},"fnMap":{"0":{"name":"(anonymous_0)","decl":{"start":{"line":7,"column":10},"end":{"line":7,"column":11}},"loc":{"start":{"line":7,"column":35},"end":{"line":13,"column":3}},"line":7},"1":{"name":"wrap","decl":{"start":{"line":8,"column":30},"end":{"line":8,"column":34}},"loc":{"start":{"line":8,"column":50},"end":{"line":11,"column":5}},"line":8},"2":{"name":"(anonymous_2)","decl":{"start":{"line":15,"column":8},"end":{"line":15,"column":9}},"loc":{"start":{"line":15,"column":33},"end":{"line":21,"column":3}},"line":15},"3":{"name":"wrap","decl":{"start":{"line":16,"column":28},"end":{"line":16,"column":32}},"loc":{"start":{"line":16,"column":39},"end":{"line":19,"column":5}},"line":16}},"branchMap":{"0":{"loc":{"start":{"line":9,"column":6},"end":{"line":9,"column":34}},"type":"if","locations":[{"start":{"line":9,"column":6},"end":{"line":9,"column":34}},{"start":{"line":9,"column":6},"end":{"line":9,"column":34}}],"line":9},"1":{"loc":{"start":{"line":17,"column":6},"end":{"line":17,"column":34}},"type":"if","locations":[{"start":{"line":17,"column":6},"end":{"line":17,"column":34}},{"start":{"line":17,"column":6},"end":{"line":17,"column":34}}],"line":17}},"s":{"0":1,"1":8,"2":3,"3":0,"4":3,"5":8,"6":8,"7":1,"8":0,"9":1,"10":8},"f":{"0":8,"1":3,"2":8,"3":1},"b":{"0":[0,3],"1":[0,1]},"_coverageSchema":"43e27e138ebf9cfc5966b082cf9a028302ed4184","hash":"6626b2298b21dab167f5b0783550d4dd17a24959","contentHash":"2c8d14a21de9a72c40028945eff5266fe79a38ca891202b266747428e19cc7dd"}}